#
# A fatal error has been detected by the Java Runtime Environment:
#
#  SIGSEGV (0xb) at pc=0x00007f63ae476fc0, pid=29829, tid=140065897346816
#
# JRE version: OpenJDK Runtime Environment (7.0_95) (build 1.7.0_95-b00)
# Java VM: OpenJDK 64-Bit Server VM (24.95-b01 mixed mode linux-amd64 compressed oops)
# Derivative: IcedTea 2.6.4
# Distribution: Ubuntu 14.04.3 LTS, package 7u95-2.6.4-0ubuntu0.14.04.1
# Problematic frame:
# V  [libjvm.so+0x644fc0]
#
# Failed to write core dump. Core dumps have been disabled. To enable core dumping, try "ulimit -c unlimited" before starting Java again
#
# If you would like to submit a bug report, please include
# instructions on how to reproduce the bug and visit:
#   http://icedtea.classpath.org/bugzilla
#

---------------  T H R E A D  ---------------

Current thread (0x00007f63a818c800):  JavaThread "JDWP Transport Listener: dt_socket" daemon [_thread_in_vm, id=29840, stack(0x00007f63a1fe7000,0x00007f63a20e8000)]

siginfo:si_signo=SIGSEGV: si_errno=0, si_code=128 (), si_addr=0x0000000000000000

Registers:
RAX=0x0000000000000063, RBX=0x00007f63a800d3a0, RCX=0x00007f63af074320, RDX=0x0000000000000001
RSP=0x00007f63a20e69d0, RBP=0x00007f63a20e6a30, RSI=0x00007f63a818c800, RDI=0x00007f63a800d3a0
R8 =0x0000000000000000, R9 =0x00007f63740039d0, R10=0x00007f63a8a55981, R11=0x00007f63af3f5760
R12=0x00a7bf3a01007961, R13=0x00007f63a20e6a97, R14=0x00007f63a818c800, R15=0x00007f63a20e69e0
RIP=0x00007f63ae476fc0, EFLAGS=0x0000000000010202, CSGSFS=0x0000000000000033, ERR=0x0000000000000000
  TRAPNO=0x000000000000000d

Top of Stack: (sp=0x00007f63a20e69d0)
0x00007f63a20e69d0:   00007f63aec279ac 00007f63ae4c44b6
0x00007f63a20e69e0:   00007f63a818c800 0000000000000000
0x00007f63a20e69f0:   00007f6300000000 0000000000000000
0x00007f63a20e6a00:   00007f63a20e6b80 00007f63a20e6a97
0x00007f63a20e6a10:   00007f63acfc9f00 00a7bf3a01007961
0x00007f63a20e6a20:   00007f63a20e6a97 00007f63a20e6a9c
0x00007f63a20e6a30:   00007f63a20e6a60 00007f63acdb5ab9
0x00007f63a20e6a40:   00007f63a20e6a60 0000000000000006
0x00007f63a20e6a50:   00007f63a20e6b80 00a7bf3a01007961
0x00007f63a20e6a60:   00007f63a20e6af0 00007f63acd965f8
0x00007f63a20e6a70:   00007f63a20e6ab0 00007f63a20e6ab0
0x00007f63a20e6a80:   00007f63a20e6ab8 00000001acd9b4d9
0x00007f63a20e6a90:   01007f63a20e6b50 f000100a00000007
0x00007f63a20e6aa0:   00007f637401bdd0 0000000000000000
0x00007f63a20e6ab0:   0000000000000000 0000000000000000
0x00007f63a20e6ac0:   00007f63a20e6b50 00000000000f0200
0x00007f63a20e6ad0:   00007f63a20e6b50 0000000000000002
0x00007f63a20e6ae0:   00007f63a20e6b80 00007f63acfc9f00
0x00007f63a20e6af0:   00007f63a20e6d40 00007f63acda0698
0x00007f63a20e6b00:   0000110800000013 00007f63740f0200
0x00007f63a20e6b10:   00007f636c000ba0 0000000000000000
0x00007f63a20e6b20:   0000000000000000 00007f636c00080f
0x00007f63a20e6b30:   0000110800000013 00007f63740f0200
0x00007f63a20e6b40:   00007f636c000ba0 00007f63a8184398
0x00007f63a20e6b50:   00007f636c000ba8 000000000000000b
0x00007f63a20e6b60:   0000110800000013 00007f63740f0200
0x00007f63a20e6b70:   00007f636c000ba0 00007f637401e730
0x00007f63a20e6b80:   00007f63740060b9 000000000000018f
0x00007f63a20e6b90:   00007f637401f770 00007f630000012c
0x00007f63a20e6ba0:   00007f63a20e6bd0 00007f637401f770
0x00007f63a20e6bb0:   00007f0000000000 000011080000000f
0x00007f63a20e6bc0:   00007f6300006c80 00007f63a20e6bd0 

Instructions: (pc=0x00007f63ae476fc0)
0x00007f63ae476fa0:   48 c1 e8 04 23 02 48 8d 15 b3 bf 7a 00 48 03 02
0x00007f63ae476fb0:   c7 00 01 00 00 00 e9 a6 fe ff ff 4d 85 e4 74 3b
0x00007f63ae476fc0:   4d 8b 24 24 48 b8 fe fe fe fe fe fe fe fe 49 39
0x00007f63ae476fd0:   c4 74 28 4d 85 e4 74 23 48 8d 05 f4 66 7a 00 80 

Register to memory mapping:

RAX=0x0000000000000063 is an unknown value
RBX=0x00007f63a800d3a0 is an unknown value
RCX=0x00007f63af074320: <offset 0x219320> in /lib/x86_64-linux-gnu/libpthread.so.0 at 0x00007f63aee5b000
RDX=0x0000000000000001 is an unknown value
RSP=0x00007f63a20e69d0 is pointing into the stack for thread: 0x00007f63a818c800
RBP=0x00007f63a20e6a30 is pointing into the stack for thread: 0x00007f63a818c800
RSI=0x00007f63a818c800 is a thread
RDI=0x00007f63a800d3a0 is an unknown value
R8 =0x0000000000000000 is an unknown value
R9 =0x00007f63740039d0 is an unknown value
R10=0x00007f63a8a55981 is an unknown value
R11=0x00007f63af3f5760: <offset 0x178760> in /lib/x86_64-linux-gnu/libc.so.6 at 0x00007f63af27d000
R12=0x00a7bf3a01007961 is an unknown value
R13=0x00007f63a20e6a97 is pointing into the stack for thread: 0x00007f63a818c800
R14=0x00007f63a818c800 is a thread
R15=0x00007f63a20e69e0 is pointing into the stack for thread: 0x00007f63a818c800


Stack: [0x00007f63a1fe7000,0x00007f63a20e8000],  sp=0x00007f63a20e69d0,  free space=1022k
Native frames: (J=compiled Java code, j=interpreted, Vv=VM code, C=native code)
V  [libjvm.so+0x644fc0]
C  [libjdwp.so+0x26ab9]
C  [libjdwp.so+0x75f8]
C  [libjdwp.so+0x11698]
C  [libjdwp.so+0x23795]
V  [libjvm.so+0x6b14eb]
V  [libjvm.so+0x907e50]
V  [libjvm.so+0x9080c1]
V  [libjvm.so+0x7cc682]


---------------  P R O C E S S  ---------------

Java Threads: ( => current thread )
  0x00007f63a8a38800 JavaThread "Service Thread" daemon [_thread_blocked, id=29849, stack(0x00007f63a14e8000,0x00007f63a15e9000)]
  0x00007f63a8a35000 JavaThread "C2 CompilerThread1" daemon [_thread_blocked, id=29848, stack(0x00007f63a15e9000,0x00007f63a16ea000)]
  0x00007f63a8a33000 JavaThread "C2 CompilerThread0" daemon [_thread_blocked, id=29847, stack(0x00007f63a16ea000,0x00007f63a17eb000)]
  0x00007f6374001000 JavaThread "JDWP Command Reader" daemon [_thread_in_native, id=29843, stack(0x00007f63a1de5000,0x00007f63a1ee6000)]
  0x00007f63a8190800 JavaThread "JDWP Event Helper Thread" daemon [_thread_blocked, id=29842, stack(0x00007f63a1ee6000,0x00007f63a1fe7000)]
=>0x00007f63a818c800 JavaThread "JDWP Transport Listener: dt_socket" daemon [_thread_in_vm, id=29840, stack(0x00007f63a1fe7000,0x00007f63a20e8000)]
  0x00007f63a817b800 JavaThread "Signal Dispatcher" daemon [_thread_blocked, id=29839, stack(0x00007f63a22ed000,0x00007f63a23ee000)]
  0x00007f63a814f800 JavaThread "Finalizer" daemon [_thread_blocked, id=29837, stack(0x00007f63a23ee000,0x00007f63a24ef000)]
  0x00007f63a814d800 JavaThread "Reference Handler" daemon [_thread_blocked, id=29836, stack(0x00007f63a24ef000,0x00007f63a25f0000)]
  0x00007f63a8016800 JavaThread "main" [_thread_blocked, id=29830, stack(0x00007f63af94f000,0x00007f63afa50000)]

Other Threads:
  0x00007f63a8149000 VMThread [stack: 0x00007f63a25f0000,0x00007f63a26f1000] [id=29835]
  0x00007f63a8a43800 WatcherThread [stack: 0x00007f63a13e7000,0x00007f63a14e8000] [id=29850]

VM state:not at safepoint (normal execution)

VM Mutex/Monitor currently owned by a thread: None

Heap
 PSYoungGen      total 269824K, used 210561K [0x00000007d6c80000, 0x00000007e9180000, 0x0000000800000000)
  eden space 253440K, 76% used [0x00000007d6c80000,0x00000007e2a24500,0x00000007e6400000)
  from space 16384K, 99% used [0x00000007e7880000,0x00000007e887c040,0x00000007e8880000)
  to   space 20992K, 0% used [0x00000007e6400000,0x00000007e6400000,0x00000007e7880000)
 ParOldGen       total 83968K, used 19671K [0x0000000784600000, 0x0000000789800000, 0x00000007d6c80000)
  object space 83968K, 23% used [0x0000000784600000,0x0000000785935d80,0x0000000789800000)
 PSPermGen       total 28672K, used 28310K [0x000000077a000000, 0x000000077bc00000, 0x0000000784600000)
  object space 28672K, 98% used [0x000000077a000000,0x000000077bba59d8,0x000000077bc00000)

Card table byte_map: [0x00007f63a4394000,0x00007f63a47c5000] byte_map_base: 0x00007f63a07c4000

Polling page: 0x00007f63afa6f000

Code Cache  [0x00007f63a47c5000, 0x00007f63a4c05000, 0x00007f63a77c5000)
 total_blobs=1080 nmethods=557 adapters=483 free_code_cache=45078Kb largest_free_block=45890304

Compilation events (10 events):
Event: 8.089 Thread 0x00007f63a8a35000 nmethod 617 0x00007f63a49b0690 code [0x00007f63a49b07e0, 0x00007f63a49b09d8]
Event: 8.089 Thread 0x00007f63a8a35000  618             org.codehaus.groovy.reflection.CachedClass::isInterface (5 bytes)
Event: 8.090 Thread 0x00007f63a8a35000 nmethod 618 0x00007f63a4a65290 code [0x00007f63a4a653c0, 0x00007f63a4a65418]
Event: 8.090 Thread 0x00007f63a8a35000  619             java.lang.ClassNotFoundException::<init> (7 bytes)
Event: 8.092 Thread 0x00007f63a8a35000 nmethod 619 0x00007f63a49affd0 code [0x00007f63a49b0120, 0x00007f63a49b04c8]
Event: 8.092 Thread 0x00007f63a8a35000  620             java.lang.ReflectiveOperationException::<init> (7 bytes)
Event: 8.095 Thread 0x00007f63a8a35000 nmethod 620 0x00007f63a49af910 code [0x00007f63a49afa60, 0x00007f63a49afe28]
Event: 8.095 Thread 0x00007f63a8a35000  621             groovy.lang.MetaClassImpl::addMetaMethodToIndex (65 bytes)
Event: 8.126 Thread 0x00007f63a8a35000 nmethod 621 0x00007f63a4a12210 code [0x00007f63a4a125a0, 0x00007f63a4a13d30]
Event: 8.196 Thread 0x00007f63a8a33000 nmethod 569 0x00007f63a4bc3810 code [0x00007f63a4bc4ee0, 0x00007f63a4be6f88]

GC Heap History (10 events):
Event: 2.745 GC heap before
{Heap before GC invocations=4 (full 0):
 PSYoungGen      total 37376K, used 37365K [0x00000007d6c80000, 0x00000007db580000, 0x0000000800000000)
  eden space 32256K, 100% used [0x00000007d6c80000,0x00000007d8c00000,0x00000007d8c00000)
  from space 5120K, 99% used [0x00000007d8c00000,0x00000007d90fd7f8,0x00000007d9100000)
  to   space 5120K, 0% used [0x00000007db080000,0x00000007db080000,0x00000007db580000)
 ParOldGen       total 83968K, used 3073K [0x0000000784600000, 0x0000000789800000, 0x00000007d6c80000)
  object space 83968K, 3% used [0x0000000784600000,0x0000000784900600,0x0000000789800000)
 PSPermGen       total 21504K, used 13148K [0x000000077a000000, 0x000000077b500000, 0x0000000784600000)
  object space 21504K, 61% used [0x000000077a000000,0x000000077acd7008,0x000000077b500000)
Event: 2.759 GC heap after
Heap after GC invocations=4 (full 0):
 PSYoungGen      total 69632K, used 5109K [0x00000007d6c80000, 0x00000007db580000, 0x0000000800000000)
  eden space 64512K, 0% used [0x00000007d6c80000,0x00000007d6c80000,0x00000007dab80000)
  from space 5120K, 99% used [0x00000007db080000,0x00000007db57d710,0x00000007db580000)
  to   space 5120K, 0% used [0x00000007dab80000,0x00000007dab80000,0x00000007db080000)
 ParOldGen       total 83968K, used 5326K [0x0000000784600000, 0x0000000789800000, 0x00000007d6c80000)
  object space 83968K, 6% used [0x0000000784600000,0x0000000784b33a80,0x0000000789800000)
 PSPermGen       total 21504K, used 13148K [0x000000077a000000, 0x000000077b500000, 0x0000000784600000)
  object space 21504K, 61% used [0x000000077a000000,0x000000077acd7008,0x000000077b500000)
}
Event: 3.422 GC heap before
{Heap before GC invocations=5 (full 0):
 PSYoungGen      total 69632K, used 69621K [0x00000007d6c80000, 0x00000007db580000, 0x0000000800000000)
  eden space 64512K, 100% used [0x00000007d6c80000,0x00000007dab80000,0x00000007dab80000)
  from space 5120K, 99% used [0x00000007db080000,0x00000007db57d710,0x00000007db580000)
  to   space 5120K, 0% used [0x00000007dab80000,0x00000007dab80000,0x00000007db080000)
 ParOldGen       total 83968K, used 5326K [0x0000000784600000, 0x0000000789800000, 0x00000007d6c80000)
  object space 83968K, 6% used [0x0000000784600000,0x0000000784b33a80,0x0000000789800000)
 PSPermGen       total 21504K, used 16749K [0x000000077a000000, 0x000000077b500000, 0x0000000784600000)
  object space 21504K, 77% used [0x000000077a000000,0x000000077b05b418,0x000000077b500000)
Event: 3.440 GC heap after
Heap after GC invocations=5 (full 0):
 PSYoungGen      total 69632K, used 5109K [0x00000007d6c80000, 0x00000007e0280000, 0x0000000800000000)
  eden space 64512K, 0% used [0x00000007d6c80000,0x00000007d6c80000,0x00000007dab80000)
  from space 5120K, 99% used [0x00000007dab80000,0x00000007db07d6f0,0x00000007db080000)
  to   space 12288K, 0% used [0x00000007df680000,0x00000007df680000,0x00000007e0280000)
 ParOldGen       total 83968K, used 10782K [0x0000000784600000, 0x0000000789800000, 0x00000007d6c80000)
  object space 83968K, 12% used [0x0000000784600000,0x0000000785087ab8,0x0000000789800000)
 PSPermGen       total 21504K, used 16749K [0x000000077a000000, 0x000000077b500000, 0x0000000784600000)
  object space 21504K, 77% used [0x000000077a000000,0x000000077b05b418,0x000000077b500000)
}
Event: 3.827 GC heap before
{Heap before GC invocations=6 (full 0):
 PSYoungGen      total 69632K, used 69621K [0x00000007d6c80000, 0x00000007e0280000, 0x0000000800000000)
  eden space 64512K, 100% used [0x00000007d6c80000,0x00000007dab80000,0x00000007dab80000)
  from space 5120K, 99% used [0x00000007dab80000,0x00000007db07d6f0,0x00000007db080000)
  to   space 12288K, 0% used [0x00000007df680000,0x00000007df680000,0x00000007e0280000)
 ParOldGen       total 83968K, used 10782K [0x0000000784600000, 0x0000000789800000, 0x00000007d6c80000)
  object space 83968K, 12% used [0x0000000784600000,0x0000000785087ab8,0x0000000789800000)
 PSPermGen       total 21504K, used 17926K [0x000000077a000000, 0x000000077b500000, 0x0000000784600000)
  object space 21504K, 83% used [0x000000077a000000,0x000000077b181908,0x000000077b500000)
Event: 3.850 GC heap after
Heap after GC invocations=6 (full 0):
 PSYoungGen      total 141312K, used 9003K [0x00000007d6c80000, 0x00000007e0280000, 0x0000000800000000)
  eden space 129024K, 0% used [0x00000007d6c80000,0x00000007d6c80000,0x00000007dea80000)
  from space 12288K, 73% used [0x00000007df680000,0x00000007dff4ad38,0x00000007e0280000)
  to   space 12288K, 0% used [0x00000007dea80000,0x00000007dea80000,0x00000007df680000)
 ParOldGen       total 83968K, used 10782K [0x0000000784600000, 0x0000000789800000, 0x00000007d6c80000)
  object space 83968K, 12% used [0x0000000784600000,0x0000000785087ab8,0x0000000789800000)
 PSPermGen       total 21504K, used 17926K [0x000000077a000000, 0x000000077b500000, 0x0000000784600000)
  object space 21504K, 83% used [0x000000077a000000,0x000000077b181908,0x000000077b500000)
}
Event: 4.863 GC heap before
{Heap before GC invocations=7 (full 0):
 PSYoungGen      total 141312K, used 138027K [0x00000007d6c80000, 0x00000007e0280000, 0x0000000800000000)
  eden space 129024K, 100% used [0x00000007d6c80000,0x00000007dea80000,0x00000007dea80000)
  from space 12288K, 73% used [0x00000007df680000,0x00000007dff4ad38,0x00000007e0280000)
  to   space 12288K, 0% used [0x00000007dea80000,0x00000007dea80000,0x00000007df680000)
 ParOldGen       total 83968K, used 10782K [0x0000000784600000, 0x0000000789800000, 0x00000007d6c80000)
  object space 83968K, 12% used [0x0000000784600000,0x0000000785087ab8,0x0000000789800000)
 PSPermGen       total 23040K, used 23027K [0x000000077a000000, 0x000000077b680000, 0x0000000784600000)
  object space 23040K, 99% used [0x000000077a000000,0x000000077b67ce68,0x000000077b680000)
Event: 4.900 GC heap after
Heap after GC invocations=7 (full 0):
 PSYoungGen      total 141312K, used 12285K [0x00000007d6c80000, 0x00000007e8880000, 0x0000000800000000)
  eden space 129024K, 0% used [0x00000007d6c80000,0x00000007d6c80000,0x00000007dea80000)
  from space 12288K, 99% used [0x00000007dea80000,0x00000007df67f550,0x00000007df680000)
  to   space 16384K, 0% used [0x00000007e7880000,0x00000007e7880000,0x00000007e8880000)
 ParOldGen       total 83968K, used 14783K [0x0000000784600000, 0x0000000789800000, 0x00000007d6c80000)
  object space 83968K, 17% used [0x0000000784600000,0x000000078546fe88,0x0000000789800000)
 PSPermGen       total 23040K, used 23027K [0x000000077a000000, 0x000000077b680000, 0x0000000784600000)
  object space 23040K, 99% used [0x000000077a000000,0x000000077b67ce68,0x000000077b680000)
}
Event: 5.773 GC heap before
{Heap before GC invocations=8 (full 0):
 PSYoungGen      total 141312K, used 141309K [0x00000007d6c80000, 0x00000007e8880000, 0x0000000800000000)
  eden space 129024K, 100% used [0x00000007d6c80000,0x00000007dea80000,0x00000007dea80000)
  from space 12288K, 99% used [0x00000007dea80000,0x00000007df67f550,0x00000007df680000)
  to   space 16384K, 0% used [0x00000007e7880000,0x00000007e7880000,0x00000007e8880000)
 ParOldGen       total 83968K, used 14783K [0x0000000784600000, 0x0000000789800000, 0x00000007d6c80000)
  object space 83968K, 17% used [0x0000000784600000,0x000000078546fe88,0x0000000789800000)
 PSPermGen       total 26112K, used 25775K [0x000000077a000000, 0x000000077b980000, 0x0000000784600000)
  object space 26112K, 98% used [0x000000077a000000,0x000000077b92be28,0x000000077b980000)
Event: 5.813 GC heap after
Heap after GC invocations=8 (full 0):
 PSYoungGen      total 269824K, used 16368K [0x00000007d6c80000, 0x00000007e9180000, 0x0000000800000000)
  eden space 253440K, 0% used [0x00000007d6c80000,0x00000007d6c80000,0x00000007e6400000)
  from space 16384K, 99% used [0x00000007e7880000,0x00000007e887c040,0x00000007e8880000)
  to   space 20992K, 0% used [0x00000007e6400000,0x00000007e6400000,0x00000007e7880000)
 ParOldGen       total 83968K, used 19671K [0x0000000784600000, 0x0000000789800000, 0x00000007d6c80000)
  object space 83968K, 23% used [0x0000000784600000,0x0000000785935d80,0x0000000789800000)
 PSPermGen       total 26112K, used 25775K [0x000000077a000000, 0x000000077b980000, 0x0000000784600000)
  object space 26112K, 98% used [0x000000077a000000,0x000000077b92be28,0x000000077b980000)
}

Deoptimization events (10 events):
Event: 7.040 Thread 0x00007f63a8016800 Uncommon trap: reason=unstable_if action=reinterpret pc=0x00007f63a4a52b3c method=org.codehaus.groovy.runtime.MetaClassHelper.unwrap([Ljava/lang/Object;)V @ 14
Event: 7.040 Thread 0x00007f63a8016800 Uncommon trap: reason=unstable_if action=reinterpret pc=0x00007f63a4a46598 method=org.codehaus.groovy.runtime.metaclass.MetaMethodIndex.getMethods(Ljava/lang/Class;Ljava/lang/String;)Lorg/codehaus/groovy/runtime/metaclass/MetaMethodIndex$Entry; @ 61
Event: 7.392 Thread 0x00007f63a8016800 Uncommon trap: reason=class_check action=maybe_recompile pc=0x00007f63a49ae3ac method=java.lang.reflect.Method.getAnnotation(Ljava/lang/Class;)Ljava/lang/annotation/Annotation; @ 22
Event: 7.393 Thread 0x00007f63a8016800 Uncommon trap: reason=class_check action=maybe_recompile pc=0x00007f63a49ae3ac method=java.lang.reflect.Method.getAnnotation(Ljava/lang/Class;)Ljava/lang/annotation/Annotation; @ 22
Event: 7.393 Thread 0x00007f63a8016800 Uncommon trap: reason=class_check action=maybe_recompile pc=0x00007f63a49ae3ac method=java.lang.reflect.Method.getAnnotation(Ljava/lang/Class;)Ljava/lang/annotation/Annotation; @ 22
Event: 7.394 Thread 0x00007f63a8016800 Uncommon trap: reason=class_check action=maybe_recompile pc=0x00007f63a49ae3ac method=java.lang.reflect.Method.getAnnotation(Ljava/lang/Class;)Ljava/lang/annotation/Annotation; @ 22
Event: 7.400 Thread 0x00007f63a8016800 Uncommon trap: reason=unstable_if action=reinterpret pc=0x00007f63a4a1f088 method=java.lang.reflect.Proxy.isProxyClass(Ljava/lang/Class;)Z @ 7
Event: 7.400 Thread 0x00007f63a8016800 Uncommon trap: reason=unstable_if action=reinterpret pc=0x00007f63a4a6c09c method=java.lang.reflect.Proxy.isProxyClass(Ljava/lang/Class;)Z @ 7
Event: 7.400 Thread 0x00007f63a8016800 Uncommon trap: reason=unstable_if action=reinterpret pc=0x00007f63a4ae31f4 method=java.lang.reflect.Proxy.isProxyClass(Ljava/lang/Class;)Z @ 7
Event: 7.531 Thread 0x00007f63a8016800 Uncommon trap: reason=bimorphic action=maybe_recompile pc=0x00007f63a49551b4 method=groovy.lang.MetaClassImpl.isGenericGetMethod(Lgroovy/lang/MetaMethod;)Z @ 14

Internal exceptions (10 events):
Event: 7.528 Thread 0x00007f63a8016800 Threw 0x00000007e222f4f0 at /build/openjdk-7-2FOwCu/openjdk-7-7u95-2.6.4/build/openjdk/hotspot/src/share/vm/prims/jvm.cpp:1322
Event: 7.529 Thread 0x00007f63a8016800 Threw 0x00000007e2251800 at /build/openjdk-7-2FOwCu/openjdk-7-7u95-2.6.4/build/openjdk/hotspot/src/share/vm/prims/jvm.cpp:1322
Event: 7.529 Thread 0x00007f63a8016800 Threw 0x00000007e22534b8 at /build/openjdk-7-2FOwCu/openjdk-7-7u95-2.6.4/build/openjdk/hotspot/src/share/vm/prims/jvm.cpp:1322
Event: 7.529 Thread 0x00007f63a8016800 Threw 0x00000007e22757c8 at /build/openjdk-7-2FOwCu/openjdk-7-7u95-2.6.4/build/openjdk/hotspot/src/share/vm/prims/jvm.cpp:1322
Event: 7.529 Thread 0x00007f63a8016800 Threw 0x00000007e2275bc8 at /build/openjdk-7-2FOwCu/openjdk-7-7u95-2.6.4/build/openjdk/hotspot/src/share/vm/classfile/systemDictionary.cpp:185
Event: 7.530 Thread 0x00007f63a8016800 Threw 0x00000007e2277d40 at /build/openjdk-7-2FOwCu/openjdk-7-7u95-2.6.4/build/openjdk/hotspot/src/share/vm/prims/jvm.cpp:1322
Event: 7.530 Thread 0x00007f63a8016800 Threw 0x00000007e229a0b8 at /build/openjdk-7-2FOwCu/openjdk-7-7u95-2.6.4/build/openjdk/hotspot/src/share/vm/prims/jvm.cpp:1322
Event: 7.530 Thread 0x00007f63a8016800 Threw 0x00000007e229bd98 at /build/openjdk-7-2FOwCu/openjdk-7-7u95-2.6.4/build/openjdk/hotspot/src/share/vm/prims/jvm.cpp:1322
Event: 7.530 Thread 0x00007f63a8016800 Threw 0x00000007e22be148 at /build/openjdk-7-2FOwCu/openjdk-7-7u95-2.6.4/build/openjdk/hotspot/src/share/vm/prims/jvm.cpp:1322
Event: 7.530 Thread 0x00007f63a8016800 Threw 0x00000007e22be550 at /build/openjdk-7-2FOwCu/openjdk-7-7u95-2.6.4/build/openjdk/hotspot/src/share/vm/classfile/systemDictionary.cpp:185

Events (10 events):
Event: 8.235 Executing VM operation: GetOrSetLocal
Event: 8.235 Executing VM operation: GetOrSetLocal done
Event: 17.163 Executing VM operation: ChangeBreakpoints
Event: 17.163 Executing VM operation: ChangeBreakpoints done
Event: 35.492 Executing VM operation: ChangeBreakpoints
Event: 35.492 Executing VM operation: ChangeBreakpoints done
Event: 35.508 Executing VM operation: RedefineClasses
Event: 35.536 Executing VM operation: RedefineClasses done
Event: 35.538 Executing VM operation: GetOrSetLocal
Event: 35.538 Executing VM operation: GetOrSetLocal done


Dynamic libraries:
00400000-00401000 r-xp 00000000 08:01 2504103                            /usr/lib/jvm/java-7-openjdk-amd64/jre/bin/java
00600000-00601000 r--p 00000000 08:01 2504103                            /usr/lib/jvm/java-7-openjdk-amd64/jre/bin/java
00601000-00602000 rw-p 00001000 08:01 2504103                            /usr/lib/jvm/java-7-openjdk-amd64/jre/bin/java
00a4e000-00a6f000 rw-p 00000000 00:00 0                                  [heap]
77a000000-77bc00000 rw-p 00000000 00:00 0 
77bc00000-784600000 rw-p 00000000 00:00 0 
784600000-789800000 rw-p 00000000 00:00 0 
789800000-7d6c80000 rw-p 00000000 00:00 0 
7d6c80000-7e9180000 rw-p 00000000 00:00 0 
7e9180000-800000000 rw-p 00000000 00:00 0 
7f6358000000-7f6358021000 rw-p 00000000 00:00 0 
7f6358021000-7f635c000000 ---p 00000000 00:00 0 
7f635c000000-7f635c021000 rw-p 00000000 00:00 0 
7f635c021000-7f6360000000 ---p 00000000 00:00 0 
7f6360000000-7f63632f3000 rw-p 00000000 00:00 0 
7f63632f3000-7f6364000000 ---p 00000000 00:00 0 
7f6364000000-7f63673ef000 rw-p 00000000 00:00 0 
7f63673ef000-7f6368000000 ---p 00000000 00:00 0 
7f6368000000-7f6368053000 rw-p 00000000 00:00 0 
7f6368053000-7f636c000000 ---p 00000000 00:00 0 
7f636c000000-7f636c021000 rw-p 00000000 00:00 0 
7f636c021000-7f6370000000 ---p 00000000 00:00 0 
7f6370000000-7f6370021000 rw-p 00000000 00:00 0 
7f6370021000-7f6374000000 ---p 00000000 00:00 0 
7f6374000000-7f6374073000 rw-p 00000000 00:00 0 
7f6374073000-7f6378000000 ---p 00000000 00:00 0 
7f6378000000-7f6378021000 rw-p 00000000 00:00 0 
7f6378021000-7f637c000000 ---p 00000000 00:00 0 
7f637c000000-7f637c021000 rw-p 00000000 00:00 0 
7f637c021000-7f6380000000 ---p 00000000 00:00 0 
7f6380000000-7f6380192000 rw-p 00000000 00:00 0 
7f6380192000-7f6384000000 ---p 00000000 00:00 0 
7f6387d00000-7f638c000000 rw-p 00000000 00:00 0 
7f638c000000-7f638c021000 rw-p 00000000 00:00 0 
7f638c021000-7f6390000000 ---p 00000000 00:00 0 
7f6390000000-7f6390021000 rw-p 00000000 00:00 0 
7f6390021000-7f6394000000 ---p 00000000 00:00 0 
7f6394000000-7f6394021000 rw-p 00000000 00:00 0 
7f6394021000-7f6398000000 ---p 00000000 00:00 0 
7f639bbb0000-7f639bbc0000 r-xp 00000000 08:01 2504278                    /usr/lib/jvm/java-7-openjdk-amd64/jre/lib/amd64/libnio.so
7f639bbc0000-7f639bdc0000 ---p 00010000 08:01 2504278                    /usr/lib/jvm/java-7-openjdk-amd64/jre/lib/amd64/libnio.so
7f639bdc0000-7f639bdc1000 r--p 00010000 08:01 2504278                    /usr/lib/jvm/java-7-openjdk-amd64/jre/lib/amd64/libnio.so
7f639bdc1000-7f639bdc2000 rw-p 00011000 08:01 2504278                    /usr/lib/jvm/java-7-openjdk-amd64/jre/lib/amd64/libnio.so
7f639bdc2000-7f639bdff000 r-xp 00000000 08:01 1839679                    /lib/x86_64-linux-gnu/libpcre.so.3.13.1
7f639bdff000-7f639bffe000 ---p 0003d000 08:01 1839679                    /lib/x86_64-linux-gnu/libpcre.so.3.13.1
7f639bffe000-7f639bfff000 r--p 0003c000 08:01 1839679                    /lib/x86_64-linux-gnu/libpcre.so.3.13.1
7f639bfff000-7f639c000000 rw-p 0003d000 08:01 1839679                    /lib/x86_64-linux-gnu/libpcre.so.3.13.1
7f639c000000-7f639c021000 rw-p 00000000 00:00 0 
7f639c021000-7f63a0000000 ---p 00000000 00:00 0 
7f63a009e000-7f63a00a5000 r-xp 00000000 08:01 2490908                    /usr/lib/x86_64-linux-gnu/libffi.so.6.0.1
7f63a00a5000-7f63a02a4000 ---p 00007000 08:01 2490908                    /usr/lib/x86_64-linux-gnu/libffi.so.6.0.1
7f63a02a4000-7f63a02a5000 r--p 00006000 08:01 2490908                    /usr/lib/x86_64-linux-gnu/libffi.so.6.0.1
7f63a02a5000-7f63a02a6000 rw-p 00007000 08:01 2490908                    /usr/lib/x86_64-linux-gnu/libffi.so.6.0.1
7f63a02a6000-7f63a02bd000 r-xp 00000000 08:01 1839410                    /lib/x86_64-linux-gnu/libresolv-2.19.so
7f63a02bd000-7f63a04bd000 ---p 00017000 08:01 1839410                    /lib/x86_64-linux-gnu/libresolv-2.19.so
7f63a04bd000-7f63a04be000 r--p 00017000 08:01 1839410                    /lib/x86_64-linux-gnu/libresolv-2.19.so
7f63a04be000-7f63a04bf000 rw-p 00018000 08:01 1839410                    /lib/x86_64-linux-gnu/libresolv-2.19.so
7f63a04bf000-7f63a04c1000 rw-p 00000000 00:00 0 
7f63a04c1000-7f63a04e1000 r-xp 00000000 08:01 1839706                    /lib/x86_64-linux-gnu/libselinux.so.1
7f63a04e1000-7f63a06e0000 ---p 00020000 08:01 1839706                    /lib/x86_64-linux-gnu/libselinux.so.1
7f63a06e0000-7f63a06e1000 r--p 0001f000 08:01 1839706                    /lib/x86_64-linux-gnu/libselinux.so.1
7f63a06e1000-7f63a06e2000 rw-p 00020000 08:01 1839706                    /lib/x86_64-linux-gnu/libselinux.so.1
7f63a06e2000-7f63a06e4000 rw-p 00000000 00:00 0 
7f63a06e4000-7f63a06e7000 r-xp 00000000 08:01 2500308                    /usr/lib/x86_64-linux-gnu/libgmodule-2.0.so.0.4002.0
7f63a06e7000-7f63a08e6000 ---p 00003000 08:01 2500308                    /usr/lib/x86_64-linux-gnu/libgmodule-2.0.so.0.4002.0
7f63a08e6000-7f63a08e7000 r--p 00002000 08:01 2500308                    /usr/lib/x86_64-linux-gnu/libgmodule-2.0.so.0.4002.0
7f63a08e7000-7f63a08e8000 rw-p 00003000 08:01 2500308                    /usr/lib/x86_64-linux-gnu/libgmodule-2.0.so.0.4002.0
7f63a08e8000-7f63a09ee000 r-xp 00000000 08:01 1839607                    /lib/x86_64-linux-gnu/libglib-2.0.so.0.4002.0
7f63a09ee000-7f63a0bed000 ---p 00106000 08:01 1839607                    /lib/x86_64-linux-gnu/libglib-2.0.so.0.4002.0
7f63a0bed000-7f63a0bee000 r--p 00105000 08:01 1839607                    /lib/x86_64-linux-gnu/libglib-2.0.so.0.4002.0
7f63a0bee000-7f63a0bef000 rw-p 00106000 08:01 1839607                    /lib/x86_64-linux-gnu/libglib-2.0.so.0.4002.0
7f63a0bef000-7f63a0bf0000 rw-p 00000000 00:00 0 
7f63a0bf0000-7f63a0c3f000 r-xp 00000000 08:01 2500324                    /usr/lib/x86_64-linux-gnu/libgobject-2.0.so.0.4002.0
7f63a0c3f000-7f63a0e3f000 ---p 0004f000 08:01 2500324                    /usr/lib/x86_64-linux-gnu/libgobject-2.0.so.0.4002.0
7f63a0e3f000-7f63a0e40000 r--p 0004f000 08:01 2500324                    /usr/lib/x86_64-linux-gnu/libgobject-2.0.so.0.4002.0
7f63a0e40000-7f63a0e41000 rw-p 00050000 08:01 2500324                    /usr/lib/x86_64-linux-gnu/libgobject-2.0.so.0.4002.0
7f63a0e41000-7f63a0fad000 r-xp 00000000 08:01 2500296                    /usr/lib/x86_64-linux-gnu/libgio-2.0.so.0.4002.0
7f63a0fad000-7f63a11ac000 ---p 0016c000 08:01 2500296                    /usr/lib/x86_64-linux-gnu/libgio-2.0.so.0.4002.0
7f63a11ac000-7f63a11b0000 r--p 0016b000 08:01 2500296                    /usr/lib/x86_64-linux-gnu/libgio-2.0.so.0.4002.0
7f63a11b0000-7f63a11b2000 rw-p 0016f000 08:01 2500296                    /usr/lib/x86_64-linux-gnu/libgio-2.0.so.0.4002.0
7f63a11b2000-7f63a11b4000 rw-p 00000000 00:00 0 
7f63a11cd000-7f63a11cf000 rw-p 00000000 00:00 0 
7f63a11cf000-7f63a11e6000 r-xp 00000000 08:01 2504296                    /usr/lib/jvm/java-7-openjdk-amd64/jre/lib/amd64/libnet.so
7f63a11e6000-7f63a13e5000 ---p 00017000 08:01 2504296                    /usr/lib/jvm/java-7-openjdk-amd64/jre/lib/amd64/libnet.so
7f63a13e5000-7f63a13e6000 r--p 00016000 08:01 2504296                    /usr/lib/jvm/java-7-openjdk-amd64/jre/lib/amd64/libnet.so
7f63a13e6000-7f63a13e7000 rw-p 00017000 08:01 2504296                    /usr/lib/jvm/java-7-openjdk-amd64/jre/lib/amd64/libnet.so
7f63a13e7000-7f63a13e8000 ---p 00000000 00:00 0 
7f63a13e8000-7f63a14e8000 rw-p 00000000 00:00 0                          [stack:29850]
7f63a14e8000-7f63a14eb000 ---p 00000000 00:00 0 
7f63a14eb000-7f63a15e9000 rw-p 00000000 00:00 0                          [stack:29849]
7f63a15e9000-7f63a15ec000 ---p 00000000 00:00 0 
7f63a15ec000-7f63a16ea000 rw-p 00000000 00:00 0                          [stack:29848]
7f63a16ea000-7f63a16ed000 ---p 00000000 00:00 0 
7f63a16ed000-7f63a17eb000 rw-p 00000000 00:00 0                          [stack:29847]
7f63a17eb000-7f63a17ed000 r--s 0000b000 08:05 262193                     /opt/idea-IU-143.1821.5/plugins/Groovy/lib/agent/gragent.jar
7f63a17ed000-7f63a17f0000 r--s 0002b000 08:06 2886517                    /home/deepak/.m2/repository/com/bertramlabs/plugins/asset-pipeline-core/2.2.3/asset-pipeline-core-2.2.3.jar
7f63a17f0000-7f63a17f8000 r--s 000cf000 08:06 3017207                    /home/deepak/.m2/repository/mysql/mysql-connector-java/5.1.29/mysql-connector-java-5.1.29.jar
7f63a17f8000-7f63a17fa000 r--s 0000c000 08:06 2886116                    /home/deepak/.m2/repository/org/apache/tomcat/tomcat-catalina-ant/7.0.55/tomcat-catalina-ant-7.0.55.jar
7f63a17fa000-7f63a1803000 r--s 0009f000 08:06 2886118                    /home/deepak/.m2/repository/org/apache/tomcat/embed/tomcat-embed-jasper/7.0.55/tomcat-embed-jasper-7.0.55.jar
7f63a1803000-7f63a1806000 r--s 00028000 08:06 2886120                    /home/deepak/.m2/repository/org/apache/tomcat/embed/tomcat-embed-el/7.0.55/tomcat-embed-el-7.0.55.jar
7f63a1806000-7f63a1808000 r--s 00013000 08:06 2886123                    /home/deepak/.m2/repository/org/apache/tomcat/embed/tomcat-embed-logging-log4j/7.0.55/tomcat-embed-logging-log4j-7.0.55.jar
7f63a1808000-7f63a180d000 r--s 0002f000 08:06 2886124                    /home/deepak/.m2/repository/org/apache/tomcat/embed/tomcat-embed-websocket/7.0.55/tomcat-embed-websocket-7.0.55.jar
7f63a180d000-7f63a181d000 r--s 0019c000 08:06 2886126                    /home/deepak/.m2/repository/org/eclipse/jdt/core/compiler/ecj/3.7.2/ecj-3.7.2.jar
7f63a181d000-7f63a183f000 r--s 0026b000 08:06 2886129                    /home/deepak/.m2/repository/org/apache/tomcat/embed/tomcat-embed-core/7.0.55/tomcat-embed-core-7.0.55.jar
7f63a183f000-7f63a1845000 r--s 0004a000 08:06 2886500                    /home/deepak/.m2/repository/cglib/cglib-nodep/2.2.2/cglib-nodep-2.2.2.jar
7f63a1845000-7f63a1847000 r--s 00008000 08:06 2886506                    /home/deepak/.m2/repository/org/grails/grails-datastore-test-support/1.0.2-grails-2.4/grails-datastore-test-support-1.0.2-grails-2.4.jar
7f63a1847000-7f63a1858000 r--s 000d2000 08:06 3014778                    /home/deepak/.m2/repository/org/liquibase/liquibase-core/2.0.5/liquibase-core-2.0.5.jar
7f63a1858000-7f63a1865000 r--s 00109000 08:06 2886515                    /home/deepak/.m2/repository/org/mozilla/rhino/1.7R4/rhino-1.7R4.jar
7f63a1865000-7f63a1896000 r--s 002cc000 08:06 2886519                    /home/deepak/.m2/repository/com/google/javascript/closure-compiler/v20141023/closure-compiler-v20141023.jar
7f63a1896000-7f63a1897000 r--s 0001c000 08:06 2886521                    /home/deepak/.m2/repository/com/google/javascript/closure-compiler-externs/v20141023/closure-compiler-externs-v20141023.jar
7f63a1897000-7f63a189a000 r--s 00010000 08:06 2886523                    /home/deepak/.m2/repository/args4j/args4j/2.0.26/args4j-2.0.26.jar
7f63a189a000-7f63a18c5000 r--s 001fc000 08:06 2886525                    /home/deepak/.m2/repository/com/google/guava/guava/18.0/guava-18.0.jar
7f63a18c5000-7f63a18cd000 r--s 0007b000 08:06 2886527                    /home/deepak/.m2/repository/com/google/protobuf/protobuf-java/2.5.0/protobuf-java-2.5.0.jar
7f63a18cd000-7f63a18cf000 r--s 0000d000 08:06 2886529                    /home/deepak/.m2/repository/commons-logging/commons-logging/1.1.1/commons-logging-1.1.1.jar
7f63a18cf000-7f63a18dd000 r--s 0008d000 08:06 2886531                    /home/deepak/.m2/repository/org/hibernate/hibernate-validator/5.1.3.Final/hibernate-validator-5.1.3.Final.jar
7f63a18dd000-7f63a18e1000 r--s 0000c000 08:06 2886533                    /home/deepak/.m2/repository/javax/validation/validation-api/1.1.0.Final/validation-api-1.1.0.Final.jar
7f63a18e1000-7f63a18e3000 r--s 0000d000 08:06 2886536                    /home/deepak/.m2/repository/com/fasterxml/classmate/1.0.0/classmate-1.0.0.jar
7f63a18e3000-7f63a18e7000 r--s 0001e000 08:06 2886538                    /home/deepak/.m2/repository/org/hibernate/hibernate-ehcache/4.3.10.Final/hibernate-ehcache-4.3.10.Final.jar
7f63a18e7000-7f63a1946000 r--s 004ab000 08:06 2886539                    /home/deepak/.m2/repository/org/hibernate/hibernate-core/4.3.10.Final/hibernate-core-4.3.10.Final.jar
7f63a1946000-7f63a1947000 r--s 00006000 08:06 2886541                    /home/deepak/.m2/repository/org/jboss/spec/javax/transaction/jboss-transaction-api_1.2_spec/1.0.0.Final/jboss-transaction-api_1.2_spec-1.0.0.Final.jar
7f63a1947000-7f63a194c000 r--s 00068000 08:06 3014770                    /home/deepak/.m2/repository/antlr/antlr/2.7.7/antlr-2.7.7.jar
7f63a194c000-7f63a194e000 r--s 00011000 08:06 3014773                    /home/deepak/.m2/repository/org/jboss/jandex/1.1.0.Final/jandex-1.1.0.Final.jar
7f63a194e000-7f63a1a26000 r--s 007c3000 08:06 3014775                    /home/deepak/.m2/repository/net/sf/ehcache/ehcache/2.9.0/ehcache-2.9.0.jar
7f63a1a26000-7f63a1a28000 r--s 0000d000 08:06 2886543                    /home/deepak/.m2/repository/org/jboss/logging/jboss-logging/3.1.0.GA/jboss-logging-3.1.0.GA.jar
7f63a1a28000-7f63a1a30000 r--s 00062000 08:06 3014777                    /home/deepak/.m2/repository/org/grails/grails-datastore-gorm-hibernate4/3.1.5.RELEASE/grails-datastore-gorm-hibernate4-3.1.5.RELEASE.jar
7f63a1a30000-7f63a1a36000 r--s 00041000 08:06 3014779                    /home/deepak/.m2/repository/org/grails/grails-datastore-gorm-hibernate-core/3.1.5.RELEASE/grails-datastore-gorm-hibernate-core-3.1.5.RELEASE.jar
7f63a1a36000-7f63a1a38000 r--s 0000a000 08:06 3014781                    /home/deepak/.m2/repository/org/grails/grails-datastore-gorm-plugin-support/3.1.5.RELEASE/grails-datastore-gorm-plugin-support-3.1.5.RELEASE.jar
7f63a1a38000-7f63a1a40000 r--s 00054000 08:06 3014784                    /home/deepak/.m2/repository/org/springframework/spring-orm/4.1.6.RELEASE/spring-orm-4.1.6.RELEASE.jar
7f63a1a40000-7f63a1a43000 r--s 00010000 08:06 3014785                    /home/deepak/.m2/repository/org/hibernate/common/hibernate-commons-annotations/4.0.4.Final/hibernate-commons-annotations-4.0.4.Final.jar
7f63a1a43000-7f63a1a44000 r--s 00002000 08:06 3014787                    /home/deepak/.m2/repository/org/jboss/logging/jboss-logging-annotations/1.2.0.Beta1/jboss-logging-annotations-1.2.0.Beta1.jar
7f63a1a44000-7f63a1a49000 r--s 00048000 08:06 2886545                    /home/deepak/.m2/repository/dom4j/dom4j/1.6.1/dom4j-1.6.1.jar
7f63a1a49000-7f63a1a52000 r--s 000a5000 08:06 2886511                    /home/deepak/.m2/repository/org/javassist/javassist/3.17.1-GA/javassist-3.17.1-GA.jar
7f63a1a52000-7f63a1a54000 r--s 00009000 08:06 2753938                    /home/deepak/.sdkman/candidates/grails/2.5.1/lib/org.apache.maven/maven-settings/jars/maven-settings-3.2.5.jar
7f63a1a54000-7f63a1a56000 r--s 00009000 08:06 2753944                    /home/deepak/.sdkman/candidates/grails/2.5.1/lib/org.apache.maven/maven-settings-builder/jars/maven-settings-builder-3.2.5.jar
7f63a1a56000-7f63a1a58000 r--s 00005000 08:06 2753932                    /home/deepak/.sdkman/candidates/grails/2.5.1/lib/org.apache.maven/maven-repository-metadata/jars/maven-repository-metadata-3.2.5.jar
7f63a1a58000-7f63a1a5a000 r--s 0000f000 08:06 2753914                    /home/deepak/.sdkman/candidates/grails/2.5.1/lib/org.apache.maven/maven-aether-provider/jars/maven-aether-provider-3.2.5.jar
7f63a1a5a000-7f63a1a5d000 r--s 00025000 08:06 2753920                    /home/deepak/.sdkman/candidates/grails/2.5.1/lib/org.apache.maven/maven-model/jars/maven-model-3.2.5.jar
7f63a1a5d000-7f63a1a62000 r--s 00025000 08:06 2753926                    /home/deepak/.sdkman/candidates/grails/2.5.1/lib/org.apache.maven/maven-model-builder/jars/maven-model-builder-3.2.5.jar
7f63a1a62000-7f63a1a68000 r--s 00033000 08:06 2753774                    /home/deepak/.sdkman/candidates/grails/2.5.1/lib/commons-codec/commons-codec/jars/commons-codec-1.6.jar
7f63a1a68000-7f63a1a6d000 r--s 00050000 08:06 2753975                    /home/deepak/.sdkman/candidates/grails/2.5.1/lib/org.codehaus.gant/gant_groovy1.8/jars/gant_groovy1.8-1.9.6.jar
7f63a1a6d000-7f63a1a70000 r--s 00009000 08:06 2883621                    /home/deepak/.sdkman/candidates/grails/2.5.1/lib/org.objenesis/objenesis/jars/objenesis-1.4.jar
7f63a1a70000-7f63a1a78000 r--s 00050000 08:06 2883665                    /home/deepak/.sdkman/candidates/grails/2.5.1/lib/org.sonatype.sisu/sisu-guice/jars/sisu-guice-3.1.0-no_aop.jar
7f63a1a78000-7f63a1a80000 r--s 00045000 08:06 2753862                    /home/deepak/.sdkman/candidates/grails/2.5.1/lib/junit/junit/jars/junit-4.12.jar
7f63a1a80000-7f63a1a8d000 r--s 00189000 08:06 2753753                    /home/deepak/.sdkman/candidates/grails/2.5.1/lib/com.h2database/h2/jars/h2-1.3.176.jar
7f63a1a8d000-7f63a1a90000 r--s 00012000 08:06 2753837                    /home/deepak/.sdkman/candidates/grails/2.5.1/lib/javax.servlet/javax.servlet-api/jars/javax.servlet-api-3.0.1.jar
7f63a1a90000-7f63a1a92000 r--s 0000b000 08:06 2753841                    /home/deepak/.sdkman/candidates/grails/2.5.1/lib/javax.servlet/jsp-api/jars/jsp-api-2.0.jar
7f63a1a92000-7f63a1a97000 r--s 0002a000 08:06 2753732                    /home/deepak/.sdkman/candidates/grails/2.5.1/lib/com.google.code.gson/gson/jars/gson-2.2.4.jar
7f63a1a97000-7f63a1a9b000 r--s 00028000 08:06 2753800                    /home/deepak/.sdkman/candidates/grails/2.5.1/lib/commons-validator/commons-validator/jars/commons-validator-1.4.0.jar
7f63a1a9b000-7f63a1a9f000 r--s 00031000 08:06 2753855                    /home/deepak/.sdkman/candidates/grails/2.5.1/lib/jline/jline/jars/jline-2.12.jar
7f63a1a9f000-7f63a1aa1000 r--s 0000f000 08:06 2753785                    /home/deepak/.sdkman/candidates/grails/2.5.1/lib/commons-fileupload/commons-fileupload/jars/commons-fileupload-1.3.1.jar
7f63a1aa1000-7f63a1aa3000 r--s 00002000 08:06 2883653                    /home/deepak/.sdkman/candidates/grails/2.5.1/lib/org.sonatype.plexus/plexus-cipher/jars/plexus-cipher-1.4.jar
7f63a1aa3000-7f63a1aa4000 r--s 00006000 08:06 2883659                    /home/deepak/.sdkman/candidates/grails/2.5.1/lib/org.sonatype.plexus/plexus-sec-dispatcher/jars/plexus-sec-dispatcher-1.3.jar
7f63a1aa4000-7f63a1aa5000 r--s 0000e000 08:06 2753996                    /home/deepak/.sdkman/candidates/grails/2.5.1/lib/org.codehaus.jsr166-mirror/jsr166y/jars/jsr166y-1.7.0.jar
7f63a1aa5000-7f63a1aac000 r--s 00040000 08:06 2753723                    /home/deepak/.sdkman/candidates/grails/2.5.1/lib/cglib/cglib/jars/cglib-2.2.2.jar
7f63a1aac000-7f63a1aca000 r--s 00151000 08:06 2753739                    /home/deepak/.sdkman/candidates/grails/2.5.1/lib/com.google.guava/guava/jars/guava-10.0.1.jar
7f63a1aca000-7f63a1ad0000 r--s 00043000 08:06 2883617                    /home/deepak/.sdkman/candidates/grails/2.5.1/lib/org.jsoup/jsoup/jars/jsoup-1.7.3.jar
7f63a1ad0000-7f63a1ad2000 r--s 00003000 08:06 2883628                    /home/deepak/.sdkman/candidates/grails/2.5.1/lib/org.slf4j/jcl-over-slf4j/jars/jcl-over-slf4j-1.7.5.jar
7f63a1ad2000-7f63a1ad3000 r--s 00001000 08:06 2883634                    /home/deepak/.sdkman/candidates/grails/2.5.1/lib/org.slf4j/jul-to-slf4j/jars/jul-to-slf4j-1.7.5.jar
7f63a1ad3000-7f63a1ad5000 r--s 00005000 08:06 2883640                    /home/deepak/.sdkman/candidates/grails/2.5.1/lib/org.slf4j/slf4j-api/jars/slf4j-api-1.7.5.jar
7f63a1ad5000-7f63a1ad6000 r--s 00002000 08:06 2883646                    /home/deepak/.sdkman/candidates/grails/2.5.1/lib/org.slf4j/slf4j-simple/jars/slf4j-simple-1.7.5.jar
7f63a1ad6000-7f63a1aee000 r--s 001af000 08:06 2753971                    /home/deepak/.sdkman/candidates/grails/2.5.1/lib/org.aspectj/aspectjweaver/jars/aspectjweaver-1.8.5.jar
7f63a1aee000-7f63a1af2000 r--s 00019000 08:06 2753968                    /home/deepak/.sdkman/candidates/grails/2.5.1/lib/org.aspectj/aspectjrt/jars/aspectjrt-1.8.5.jar
7f63a1af2000-7f63a1af4000 r--s 00009000 08:06 2883603                    /home/deepak/.sdkman/candidates/grails/2.5.1/lib/org.hamcrest/hamcrest-core/jars/hamcrest-core-1.3.jar
7f63a1af4000-7f63a1af6000 r--s 00007000 08:06 2754058                    /home/deepak/.sdkman/candidates/grails/2.5.1/lib/org.eclipse.aether/aether-transport-http/jars/aether-transport-http-1.0.2.v20150114.jar
7f63a1af6000-7f63a1afa000 r--s 00027000 08:06 2754040                    /home/deepak/.sdkman/candidates/grails/2.5.1/lib/org.eclipse.aether/aether-impl/jars/aether-impl-1.0.2.v20150114.jar
7f63a1afa000-7f63a1afc000 r--s 00006000 08:06 2754046                    /home/deepak/.sdkman/candidates/grails/2.5.1/lib/org.eclipse.aether/aether-spi/jars/aether-spi-1.0.2.v20150114.jar
7f63a1afc000-7f63a1afe000 r--s 00001000 08:06 2754052                    /home/deepak/.sdkman/candidates/grails/2.5.1/lib/org.eclipse.aether/aether-transport-file/jars/aether-transport-file-1.0.2.v20150114.jar
7f63a1afe000-7f63a1b03000 r--s 0001d000 08:06 2754028                    /home/deepak/.sdkman/candidates/grails/2.5.1/lib/org.eclipse.aether/aether-api/jars/aether-api-1.0.2.v20150114.jar
7f63a1b03000-7f63a1b04000 r--s 00008000 08:06 2754034                    /home/deepak/.sdkman/candidates/grails/2.5.1/lib/org.eclipse.aether/aether-connector-basic/jars/aether-connector-basic-1.0.2.v20150114.jar
7f63a1b04000-7f63a1b08000 r--s 00020000 08:06 2754064                    /home/deepak/.sdkman/candidates/grails/2.5.1/lib/org.eclipse.aether/aether-util/jars/aether-util-1.0.2.v20150114.jar
7f63a1b08000-7f63a1b0a000 r--s 0001a000 08:06 2754081                    /home/deepak/.sdkman/candidates/grails/2.5.1/lib/org.fusesource.jansi/jansi/jars/jansi-1.11.jar
7f63a1b0a000-7f63a1b0e000 r--s 00019000 08:06 2753746                    /home/deepak/.sdkman/candidates/grails/2.5.1/lib/com.googlecode.concurrentlinkedhashmap/concurrentlinkedhashmap-lru/jars/concurrentlinkedhashmap-lru-1.4.jar
7f63a1b0e000-7f63a1b13000 r--s 00017000 08:06 2883610                    /home/deepak/.sdkman/candidates/grails/2.5.1/lib/org.hibernate.javax.persistence/hibernate-jpa-2.1-api/jars/hibernate-jpa-2.1-api-1.0.0.Final.jar
7f63a1b13000-7f63a1b15000 r--s 00000000 08:06 2753702                    /home/deepak/.sdkman/candidates/grails/2.5.1/lib/aopalliance/aopalliance/jars/aopalliance-1.0.jar
7f63a1b15000-7f63a1b1a000 r--s 00041000 08:06 2753796                    /home/deepak/.sdkman/candidates/grails/2.5.1/lib/commons-lang/commons-lang/jars/commons-lang-2.6.jar
7f63a1b1a000-7f63a1b20000 r--s 00039000 08:06 2883756                    /home/deepak/.sdkman/candidates/grails/2.5.1/lib/org.yaml/snakeyaml/jars/snakeyaml-1.8.jar
7f63a1b20000-7f63a1b21000 r--s 00001000 08:06 2753816                    /home/deepak/.sdkman/candidates/grails/2.5.1/lib/javax.annotation/jsr250-api/jars/jsr250-api-1.0.jar
7f63a1b21000-7f63a1b22000 r--s 0000a000 08:06 2753707                    /home/deepak/.sdkman/candidates/grails/2.5.1/lib/asm/asm/jars/asm-3.3.1.jar
7f63a1b22000-7f63a1b33000 r--s 000f7000 08:06 2883749                    /home/deepak/.sdkman/candidates/grails/2.5.1/lib/org.xhtmlrenderer/core-renderer/jars/core-renderer-R8.jar
7f63a1b33000-7f63a1b36000 r--s 00008000 08:06 2753823                    /home/deepak/.sdkman/candidates/grails/2.5.1/lib/javax.enterprise/cdi-api/jars/cdi-api-1.0.jar
7f63a1b36000-7f63a1b3c000 r--s 00027000 08:06 2753877                    /home/deepak/.sdkman/candidates/grails/2.5.1/lib/opensymphony/sitemesh/jars/sitemesh-2.4.jar
7f63a1b3c000-7f63a1b3e000 r--s 00000000 08:06 2754009                    /home/deepak/.sdkman/candidates/grails/2.5.1/lib/org.codehaus.plexus/plexus-component-annotations/jars/plexus-component-annotations-1.5.5.jar
7f63a1b3e000-7f63a1b40000 r--s 0000a000 08:06 2754003                    /home/deepak/.sdkman/candidates/grails/2.5.1/lib/org.codehaus.plexus/plexus-classworlds/jars/plexus-classworlds-2.4.jar
7f63a1b40000-7f63a1b43000 r--s 0000d000 08:06 2754015                    /home/deepak/.sdkman/candidates/grails/2.5.1/lib/org.codehaus.plexus/plexus-interpolation/jars/plexus-interpolation-1.21.jar
7f63a1b43000-7f63a1b47000 r--s 00038000 08:06 2754021                    /home/deepak/.sdkman/candidates/grails/2.5.1/lib/org.codehaus.plexus/plexus-utils/jars/plexus-utils-3.0.20.jar
7f63a1b47000-7f63a1b4d000 r--s 0002a000 08:06 2754077                    /home/deepak/.sdkman/candidates/grails/2.5.1/lib/org.eclipse.sisu/org.eclipse.sisu.plexus/jars/org.eclipse.sisu.plexus-0.0.0.M5.jar
7f63a1b4d000-7f63a1b53000 r--s 00042000 08:06 2754071                    /home/deepak/.sdkman/candidates/grails/2.5.1/lib/org.eclipse.sisu/org.eclipse.sisu.inject/jars/org.eclipse.sisu.inject-0.0.0.M5.jar
7f63a1b53000-7f63a1b68000 r--s 00116000 08:06 2753907                    /home/deepak/.sdkman/candidates/grails/2.5.1/lib/org.apache.ivy/ivy/jars/ivy-2.3.0.jar
7f63a1b68000-7f63a1bd7000 r--s 0063e000 08:06 2753989                    /home/deepak/.sdkman/candidates/grails/2.5.1/lib/org.codehaus.groovy/groovy-all/jars/groovy-all-2.4.4.jar
7f63a1bd7000-7f63a1be0000 r--s 000a4000 08:06 2753805                    /home/deepak/.sdkman/candidates/grails/2.5.1/lib/hsqldb/hsqldb/jars/hsqldb-1.8.0.10.jar
7f63a1be0000-7f63a1bfc000 r--s 00136000 08:06 2753982                    /home/deepak/.sdkman/candidates/grails/2.5.1/lib/org.codehaus.gpars/gpars/jars/gpars-1.2.1.jar
7f63a1bfc000-7f63a1bfd000 r--s 00000000 08:06 2753830                    /home/deepak/.sdkman/candidates/grails/2.5.1/lib/javax.inject/javax.inject/jars/javax.inject-1.jar
7f63a1bfd000-7f63a1bff000 r--s 00008000 08:06 2753955                    /home/deepak/.sdkman/candidates/grails/2.5.1/lib/org.apache.tomcat/tomcat-juli/jars/tomcat-juli-7.0.50.jar
7f63a1bff000-7f63a1c01000 r--s 0001d000 08:06 2753950                    /home/deepak/.sdkman/candidates/grails/2.5.1/lib/org.apache.tomcat/tomcat-jdbc/jars/tomcat-jdbc-7.0.50.jar
7f63a1c01000-7f63a1c05000 r--s 000dc000 08:06 2753873                    /home/deepak/.sdkman/candidates/grails/2.5.1/lib/net.java.dev.jna/jna/jars/jna-4.0.0.jar
7f63a1c05000-7f63a1c06000 r--s 00003000 08:06 2753851                    /home/deepak/.sdkman/candidates/grails/2.5.1/lib/javax.transaction/jta/jars/jta-1.1.jar
7f63a1c06000-7f63a1c07000 r--s 00001000 08:06 2753890                    /home/deepak/.sdkman/candidates/grails/2.5.1/lib/org.apache.ant/ant-trax/jars/ant-trax-1.7.1.jar
7f63a1c07000-7f63a1c08000 r--s 00004000 08:06 2753887                    /home/deepak/.sdkman/candidates/grails/2.5.1/lib/org.apache.ant/ant-launcher/jars/ant-launcher-1.9.4.jar
7f63a1c08000-7f63a1c26000 r--s 001cf000 08:06 2753881                    /home/deepak/.sdkman/candidates/grails/2.5.1/lib/org.apache.ant/ant/jars/ant-1.9.4.jar
7f63a1c26000-7f63a1c28000 r--s 0001b000 08:06 2753884                    /home/deepak/.sdkman/candidates/grails/2.5.1/lib/org.apache.ant/ant-junit/jars/ant-junit-1.9.4.jar
7f63a1c28000-7f63a1c35000 r--s 00083000 08:06 2883673                    /home/deepak/.sdkman/candidates/grails/2.5.1/lib/org.spockframework/spock-core/jars/spock-core-1.0-groovy-2.4.jar
7f63a1c35000-7f63a1c42000 r--s 0011c000 08:06 2753760                    /home/deepak/.sdkman/candidates/grails/2.5.1/lib/com.lowagie/itext/jars/itext-2.0.8.jar
7f63a1c42000-7f63a1c46000 r--s 00027000 08:06 2753789                    /home/deepak/.sdkman/candidates/grails/2.5.1/lib/commons-io/commons-io/jars/commons-io-2.2.jar
7f63a1c46000-7f63a1c49000 r--s 00016000 08:06 2753847                    /home/deepak/.sdkman/candidates/grails/2.5.1/lib/javax.servlet.jsp/jsp-api/jars/jsp-api-2.1.jar
7f63a1c49000-7f63a1c4b000 r--s 00009000 08:06 2753767                    /home/deepak/.sdkman/candidates/grails/2.5.1/lib/commons-cli/commons-cli/jars/commons-cli-1.2.jar
7f63a1c4b000-7f63a1c4d000 r--s 00013000 08:06 2753961                    /home/deepak/.sdkman/candidates/grails/2.5.1/lib/org.apache.tomcat.embed/tomcat-embed-logging-log4j/jars/tomcat-embed-logging-log4j-7.0.50.jar
7f63a1c4d000-7f63a1c50000 r--s 00006000 08:06 2753728                    /home/deepak/.sdkman/candidates/grails/2.5.1/lib/com.google.code.findbugs/jsr305/jars/jsr305-1.3.9.jar
7f63a1c50000-7f63a1c59000 r--s 0006f000 08:06 2753869                    /home/deepak/.sdkman/candidates/grails/2.5.1/lib/log4j/log4j/jars/log4j-1.2.17.jar
7f63a1c59000-7f63a1c5d000 r--s 0001c000 08:06 2883596                    /home/deepak/.sdkman/candidates/grails/2.5.1/lib/org.grails/grails-gdoc-engine/jars/grails-gdoc-engine-1.0.1.jar
7f63a1c5d000-7f63a1c67000 r--s 00080000 08:06 2883587                    /home/deepak/.sdkman/candidates/grails/2.5.1/lib/org.grails/grails-datastore-gorm/jars/grails-datastore-gorm-3.1.5.RELEASE.jar
7f63a1c67000-7f63a1c72000 r--s 00054000 08:06 2754085                    /home/deepak/.sdkman/candidates/grails/2.5.1/lib/org.grails/grails-datastore-core/jars/grails-datastore-core-3.1.5.RELEASE.jar
7f63a1c72000-7f63a1c78000 r--s 0004c000 08:06 2883590                    /home/deepak/.sdkman/candidates/grails/2.5.1/lib/org.grails/grails-datastore-simple/jars/grails-datastore-simple-3.1.5.RELEASE.jar
7f63a1c78000-7f63a1c7c000 r--s 0002b000 08:06 2753712                    /home/deepak/.sdkman/candidates/grails/2.5.1/lib/bouncycastle/bcmail-jdk14/jars/bcmail-jdk14-138.jar
7f63a1c7c000-7f63a1c9d000 r--s 0015a000 08:06 2753716                    /home/deepak/.sdkman/candidates/grails/2.5.1/lib/bouncycastle/bcprov-jdk14/jars/bcprov-jdk14-138.jar
7f63a1c9d000-7f63a1ca3000 r--s 00032000 08:06 2753903                    /home/deepak/.sdkman/candidates/grails/2.5.1/lib/org.apache.httpcomponents/httpcore/jars/httpcore-4.2.5.jar
7f63a1ca3000-7f63a1cad000 r--s 00061000 08:06 2753897                    /home/deepak/.sdkman/candidates/grails/2.5.1/lib/org.apache.httpcomponents/httpclient/jars/httpclient-4.2.6.jar
7f63a1cad000-7f63a1cb1000 r--s 00040000 08:06 2883763                    /home/deepak/.sdkman/candidates/grails/2.5.1/lib/xalan/serializer/jars/serializer-2.7.2.jar
7f63a1cb1000-7f63a1cbf000 r--s 0007f000 08:06 2753781                    /home/deepak/.sdkman/candidates/grails/2.5.1/lib/commons-collections/commons-collections/jars/commons-collections-3.2.1.jar
7f63a1cbf000-7f63a1cd7000 r--s 000e3000 08:06 2883695                    /home/deepak/.sdkman/candidates/grails/2.5.1/lib/org.springframework/spring-context/jars/spring-context-4.1.6.RELEASE.jar
7f63a1cd7000-7f63a1cd9000 r--s 0000c000 08:06 2883683                    /home/deepak/.sdkman/candidates/grails/2.5.1/lib/org.springframework/spring-aspects/jars/spring-aspects-4.1.6.RELEASE.jar
7f63a1cd9000-7f63a1ce6000 r--s 000a0000 08:06 2883689                    /home/deepak/.sdkman/candidates/grails/2.5.1/lib/org.springframework/spring-beans/jars/spring-beans-4.1.6.RELEASE.jar
7f63a1ce6000-7f63a1cf6000 r--s 000a0000 08:06 2883734                    /home/deepak/.sdkman/candidates/grails/2.5.1/lib/org.springframework/spring-web/jars/spring-web-4.1.6.RELEASE.jar
7f63a1cf6000-7f63a1cfd000 r--s 00062000 08:06 2883743                    /home/deepak/.sdkman/candidates/grails/2.5.1/lib/org.springframework/springloaded/jars/springloaded-1.2.4.RELEASE.jar
7f63a1cfd000-7f63a1d02000 r--s 0003b000 08:06 2883710                    /home/deepak/.sdkman/candidates/grails/2.5.1/lib/org.springframework/spring-expression/jars/spring-expression-4.1.6.RELEASE.jar
7f63a1d02000-7f63a1d09000 r--s 00037000 08:06 2883728                    /home/deepak/.sdkman/candidates/grails/2.5.1/lib/org.springframework/spring-tx/jars/spring-tx-4.1.6.RELEASE.jar
7f63a1d09000-7f63a1d13000 r--s 0005f000 08:06 2883716                    /home/deepak/.sdkman/candidates/grails/2.5.1/lib/org.springframework/spring-jdbc/jars/spring-jdbc-4.1.6.RELEASE.jar
7f63a1d13000-7f63a1d22000 r--s 000b0000 08:06 2883737                    /home/deepak/.sdkman/candidates/grails/2.5.1/lib/org.springframework/spring-webmvc/jars/spring-webmvc-4.1.6.RELEASE.jar
7f63a1d22000-7f63a1d27000 r--s 00027000 08:06 2883698                    /home/deepak/.sdkman/candidates/grails/2.5.1/lib/org.springframework/spring-context-support/jars/spring-context-support-4.1.6.RELEASE.jar
7f63a1d27000-7f63a1d30000 r--s 0004f000 08:06 2883680                    /home/deepak/.sdkman/candidates/grails/2.5.1/lib/org.springframework/spring-aop/jars/spring-aop-4.1.6.RELEASE.jar
7f63a1d30000-7f63a1d3c000 r--s 0006f000 08:06 2883722                    /home/deepak/.sdkman/candidates/grails/2.5.1/lib/org.springframework/spring-test/jars/spring-test-4.1.6.RELEASE.jar
7f63a1d3c000-7f63a1d51000 r--s 000e2000 08:06 2883704                    /home/deepak/.sdkman/candidates/grails/2.5.1/lib/org.springframework/spring-core/jars/spring-core-4.1.6.RELEASE.jar
7f63a1d51000-7f63a1d52000 r--s 00006000 08:06 2494233                    /home/deepak/.sdkman/candidates/grails/2.5.1/dist/grails-web-databinding-spring-2.5.1.jar
7f63a1d52000-7f63a1d55000 r--s 0001d000 08:06 2493708                    /home/deepak/.sdkman/candidates/grails/2.5.1/dist/grails-plugin-controllers-2.5.1.jar
7f63a1d55000-7f63a1d5a000 r--s 00037000 08:06 2494128                    /home/deepak/.sdkman/candidates/grails/2.5.1/dist/grails-test-2.5.1.jar
7f63a1d5a000-7f63a1d5d000 r--s 00014000 08:06 2494212                    /home/deepak/.sdkman/candidates/grails/2.5.1/dist/grails-web-databinding-2.5.1.jar
7f63a1d5d000-7f63a1d61000 r--s 00028000 08:06 2493918                    /home/deepak/.sdkman/candidates/grails/2.5.1/dist/grails-plugin-rest-2.5.1.jar
7f63a1d61000-7f63a1d64000 r--s 0000d000 08:06 2493582                    /home/deepak/.sdkman/candidates/grails/2.5.1/dist/grails-databinding-2.5.1.jar
7f63a1d64000-7f63a1d69000 r--s 0002a000 08:06 2493624                    /home/deepak/.sdkman/candidates/grails/2.5.1/dist/grails-encoder-2.5.1.jar
7f63a1d69000-7f63a1d76000 r--s 00096000 08:06 2493561                    /home/deepak/.sdkman/candidates/grails/2.5.1/dist/grails-core-2.5.1.jar
7f63a1d76000-7f63a1d7d000 r--s 00081000 08:06 2494086                    /home/deepak/.sdkman/candidates/grails/2.5.1/dist/grails-scripts-2.5.1.jar
7f63a1d7d000-7f63a1d80000 r--s 00020000 08:06 2494317                    /home/deepak/.sdkman/candidates/grails/2.5.1/dist/grails-web-jsp-2.5.1.jar
7f63a1d80000-7f63a1d81000 r--s 00000000 08:06 2493645                    /home/deepak/.sdkman/candidates/grails/2.5.1/dist/grails-logging-2.5.1.jar
7f63a1d81000-7f63a1d84000 r--s 00016000 08:06 2493792                    /home/deepak/.sdkman/candidates/grails/2.5.1/dist/grails-plugin-domain-class-2.5.1.jar
7f63a1d84000-7f63a1d86000 r--s 0000a000 08:06 2493771                    /home/deepak/.sdkman/candidates/grails/2.5.1/dist/grails-plugin-datasource-2.5.1.jar
7f63a1d86000-7f63a1d88000 r--s 00087000 08:06 2494065                    /home/deepak/.sdkman/candidates/grails/2.5.1/dist/grails-resources-2.5.1.jar
7f63a1d88000-7f63a1d89000 r--s 00064000 08:06 2494410                    /home/deepak/.sdkman/candidates/grails/2.5.1/dist/grails-wrapper-support-2.5.1.jar
7f63a1d89000-7f63a1d8a000 r--s 0000a000 08:06 2494296                    /home/deepak/.sdkman/candidates/grails/2.5.1/dist/grails-web-gsp-taglib-2.5.1.jar
7f63a1d8a000-7f63a1d8c000 r--s 0000e000 08:06 2493687                    /home/deepak/.sdkman/candidates/grails/2.5.1/dist/grails-plugin-codecs-2.5.1.jar
7f63a1d8c000-7f63a1d8d000 r--s 00004000 08:06 2493855                    /home/deepak/.sdkman/candidates/grails/2.5.1/dist/grails-plugin-i18n-2.5.1.jar
7f63a1d8d000-7f63a1d9a000 r--s 000b3000 08:06 2493540                    /home/deepak/.sdkman/candidates/grails/2.5.1/dist/grails-bootstrap-2.5.1.jar
7f63a1d9a000-7f63a1d9c000 r--s 00009000 08:06 2494338                    /home/deepak/.sdkman/candidates/grails/2.5.1/dist/grails-web-mvc-2.5.1.jar
7f63a1d9c000-7f63a1d9d000 r--s 00009000 08:06 2494107                    /home/deepak/.sdkman/candidates/grails/2.5.1/dist/grails-spring-2.5.1.jar
7f63a1d9d000-7f63a1d9f000 r--s 0000a000 08:06 2493897                    /home/deepak/.sdkman/candidates/grails/2.5.1/dist/grails-plugin-mimetypes-2.5.1.jar
7f63a1d9f000-7f63a1da4000 r--s 0002c000 08:06 2494191                    /home/deepak/.sdkman/candidates/grails/2.5.1/dist/grails-web-common-2.5.1.jar
7f63a1da4000-7f63a1da6000 r--s 00009000 08:06 2493813                    /home/deepak/.sdkman/candidates/grails/2.5.1/dist/grails-plugin-filters-2.5.1.jar
7f63a1da6000-7f63a1dac000 r--s 0004c000 08:06 2493834                    /home/deepak/.sdkman/candidates/grails/2.5.1/dist/grails-plugin-gsp-2.5.1.jar
7f63a1dac000-7f63a1dad000 r--s 00008000 08:06 2493939                    /home/deepak/.sdkman/candidates/grails/2.5.1/dist/grails-plugin-services-2.5.1.jar
7f63a1dad000-7f63a1db5000 r--s 00070000 08:06 2493981                    /home/deepak/.sdkman/candidates/grails/2.5.1/dist/grails-plugin-testing-2.5.1.jar
7f63a1db5000-7f63a1db6000 r--s 00064000 08:06 2494401                    /home/deepak/.sdkman/candidates/grails/2.5.1/dist/grails-wrapper-2.5.1.jar
7f63a1db6000-7f63a1db9000 r--s 00020000 08:06 2494380                    /home/deepak/.sdkman/candidates/grails/2.5.1/dist/grails-web-url-mappings-2.5.1.jar
7f63a1db9000-7f63a1dbc000 r--s 0001b000 08:06 2493464                    /home/deepak/.sdkman/candidates/grails/2.5.1/dist/grails-aether-2.5.1.jar
7f63a1dbc000-7f63a1dc0000 r--s 0001f000 08:06 2493729                    /home/deepak/.sdkman/candidates/grails/2.5.1/dist/grails-plugin-converters-2.5.1.jar
7f63a1dc0000-7f63a1dc2000 r--s 0000c000 08:06 2494002                    /home/deepak/.sdkman/candidates/grails/2.5.1/dist/grails-plugin-url-mappings-2.5.1.jar
7f63a1dc2000-7f63a1dc4000 r--s 00009000 08:06 2494170                    /home/deepak/.sdkman/candidates/grails/2.5.1/dist/grails-web-2.5.1.jar
7f63a1dc4000-7f63a1dc5000 r--s 00000000 08:06 2494254                    /home/deepak/.sdkman/candidates/grails/2.5.1/dist/grails-web-fileupload-2.5.1.jar
7f63a1dc5000-7f63a1dc7000 r--s 0000b000 08:06 2493876                    /home/deepak/.sdkman/candidates/grails/2.5.1/dist/grails-plugin-log4j-2.5.1.jar
7f63a1dc7000-7f63a1dc8000 r--s 00004000 08:06 2493750                    /home/deepak/.sdkman/candidates/grails/2.5.1/dist/grails-plugin-databinding-2.5.1.jar
7f63a1dc8000-7f63a1dcf000 r--s 00049000 08:06 2494275                    /home/deepak/.sdkman/candidates/grails/2.5.1/dist/grails-web-gsp-2.5.1.jar
7f63a1dcf000-7f63a1dd2000 r--s 00044000 08:06 2493603                    /home/deepak/.sdkman/candidates/grails/2.5.1/dist/grails-docs-2.5.1.jar
7f63a1dd2000-7f63a1dd7000 r--s 00033000 08:06 2494044                    /home/deepak/.sdkman/candidates/grails/2.5.1/dist/grails-project-api-2.5.1.jar
7f63a1dd7000-7f63a1de5000 r--s 0010f000 08:01 2504258                    /usr/lib/jvm/java-7-openjdk-amd64/jre/lib/rhino.jar
7f63a1de5000-7f63a1de8000 ---p 00000000 00:00 0 
7f63a1de8000-7f63a1ee6000 rw-p 00000000 00:00 0                          [stack:29843]
7f63a1ee6000-7f63a1ee9000 ---p 00000000 00:00 0 
7f63a1ee9000-7f63a1fe7000 rw-p 00000000 00:00 0                          [stack:29842]
7f63a1fe7000-7f63a1fea000 ---p 00000000 00:00 0 
7f63a1fea000-7f63a20e8000 rw-p 00000000 00:00 0                          [stack:29840]
7f63a20e8000-7f63a20ec000 r-xp 00000000 08:01 2504274                    /usr/lib/jvm/java-7-openjdk-amd64/jre/lib/amd64/libdt_socket.so
7f63a20ec000-7f63a22eb000 ---p 00004000 08:01 2504274                    /usr/lib/jvm/java-7-openjdk-amd64/jre/lib/amd64/libdt_socket.so
7f63a22eb000-7f63a22ec000 r--p 00003000 08:01 2504274                    /usr/lib/jvm/java-7-openjdk-amd64/jre/lib/amd64/libdt_socket.so
7f63a22ec000-7f63a22ed000 rw-p 00004000 08:01 2504274                    /usr/lib/jvm/java-7-openjdk-amd64/jre/lib/amd64/libdt_socket.so
7f63a22ed000-7f63a22f0000 ---p 00000000 00:00 0 
7f63a22f0000-7f63a23ee000 rw-p 00000000 00:00 0                          [stack:29839]
7f63a23ee000-7f63a23f1000 ---p 00000000 00:00 0 
7f63a23f1000-7f63a24ef000 rw-p 00000000 00:00 0                          [stack:29837]
7f63a24ef000-7f63a24f2000 ---p 00000000 00:00 0 
7f63a24f2000-7f63a25f0000 rw-p 00000000 00:00 0                          [stack:29836]
7f63a25f0000-7f63a25f1000 ---p 00000000 00:00 0 
7f63a25f1000-7f63a3649000 rw-p 00000000 00:00 0                          [stack:29835]
7f63a3649000-7f63a37fb000 r--s 01d2f000 08:01 2504262                    /usr/lib/jvm/java-7-openjdk-amd64/jre/lib/rt.jar
7f63a37fb000-7f63a3cfc000 rw-p 00000000 00:00 0 
7f63a3cfc000-7f63a3cfd000 ---p 00000000 00:00 0 
7f63a3cfd000-7f63a3dfd000 rw-p 00000000 00:00 0                          [stack:29834]
7f63a3dfd000-7f63a3dfe000 ---p 00000000 00:00 0 
7f63a3dfe000-7f63a3efe000 rw-p 00000000 00:00 0                          [stack:29833]
7f63a3efe000-7f63a3eff000 ---p 00000000 00:00 0 
7f63a3eff000-7f63a3fff000 rw-p 00000000 00:00 0                          [stack:29832]
7f63a3fff000-7f63a4000000 ---p 00000000 00:00 0 
7f63a4000000-7f63a4129000 rw-p 00000000 00:00 0                          [stack:29831]
7f63a4129000-7f63a4394000 rw-p 00000000 00:00 0 
7f63a4394000-7f63a43a2000 rw-p 00000000 00:00 0 
7f63a43a2000-7f63a43e7000 rw-p 00000000 00:00 0 
7f63a43e7000-7f63a4410000 rw-p 00000000 00:00 0 
7f63a4410000-7f63a467a000 rw-p 00000000 00:00 0 
7f63a467a000-7f63a470d000 rw-p 00000000 00:00 0 
7f63a470d000-7f63a47c4000 rw-p 00000000 00:00 0 
7f63a47c4000-7f63a47c5000 rw-p 00000000 00:00 0 
7f63a47c5000-7f63a4c05000 rwxp 00000000 00:00 0 
7f63a4c05000-7f63a77c5000 rw-p 00000000 00:00 0 
7f63a77c5000-7f63a77cd000 r-xp 00000000 08:01 2504271                    /usr/lib/jvm/java-7-openjdk-amd64/jre/lib/amd64/libzip.so
7f63a77cd000-7f63a79cc000 ---p 00008000 08:01 2504271                    /usr/lib/jvm/java-7-openjdk-amd64/jre/lib/amd64/libzip.so
7f63a79cc000-7f63a79cd000 r--p 00007000 08:01 2504271                    /usr/lib/jvm/java-7-openjdk-amd64/jre/lib/amd64/libzip.so
7f63a79cd000-7f63a79ce000 rw-p 00008000 08:01 2504271                    /usr/lib/jvm/java-7-openjdk-amd64/jre/lib/amd64/libzip.so
7f63a79ce000-7f63a79d9000 r-xp 00000000 08:01 1839857                    /lib/x86_64-linux-gnu/libnss_files-2.19.so
7f63a79d9000-7f63a7bd8000 ---p 0000b000 08:01 1839857                    /lib/x86_64-linux-gnu/libnss_files-2.19.so
7f63a7bd8000-7f63a7bd9000 r--p 0000a000 08:01 1839857                    /lib/x86_64-linux-gnu/libnss_files-2.19.so
7f63a7bd9000-7f63a7bda000 rw-p 0000b000 08:01 1839857                    /lib/x86_64-linux-gnu/libnss_files-2.19.so
7f63a7bda000-7f63a7be5000 r-xp 00000000 08:01 1839849                    /lib/x86_64-linux-gnu/libnss_nis-2.19.so
7f63a7be5000-7f63a7de4000 ---p 0000b000 08:01 1839849                    /lib/x86_64-linux-gnu/libnss_nis-2.19.so
7f63a7de4000-7f63a7de5000 r--p 0000a000 08:01 1839849                    /lib/x86_64-linux-gnu/libnss_nis-2.19.so
7f63a7de5000-7f63a7de6000 rw-p 0000b000 08:01 1839849                    /lib/x86_64-linux-gnu/libnss_nis-2.19.so
7f63a7de6000-7f63a7dfd000 r-xp 00000000 08:01 1839690                    /lib/x86_64-linux-gnu/libnsl-2.19.so
7f63a7dfd000-7f63a7ffc000 ---p 00017000 08:01 1839690                    /lib/x86_64-linux-gnu/libnsl-2.19.so
7f63a7ffc000-7f63a7ffd000 r--p 00016000 08:01 1839690                    /lib/x86_64-linux-gnu/libnsl-2.19.so
7f63a7ffd000-7f63a7ffe000 rw-p 00017000 08:01 1839690                    /lib/x86_64-linux-gnu/libnsl-2.19.so
7f63a7ffe000-7f63a8000000 rw-p 00000000 00:00 0 
7f63a8000000-7f63a997b000 rw-p 00000000 00:00 0 
7f63a997b000-7f63ac000000 ---p 00000000 00:00 0 
7f63ac000000-7f63ac002000 r--s 0000c000 08:06 2493497                    /home/deepak/.sdkman/candidates/grails/2.5.1/dist/grails-async-2.5.1.jar
7f63ac002000-7f63ac004000 r--s 00014000 08:06 2494149                    /home/deepak/.sdkman/candidates/grails/2.5.1/dist/grails-validation-2.5.1.jar
7f63ac004000-7f63ac006000 r--s 0000a000 08:06 2493666                    /home/deepak/.sdkman/candidates/grails/2.5.1/dist/grails-plugin-async-2.5.1.jar
7f63ac006000-7f63ac008000 r--s 0000b000 08:06 2494359                    /home/deepak/.sdkman/candidates/grails/2.5.1/dist/grails-web-sitemesh-2.5.1.jar
7f63ac008000-7f63ac00a000 r--s 00004000 08:06 2493960                    /home/deepak/.sdkman/candidates/grails/2.5.1/dist/grails-plugin-servlets-2.5.1.jar
7f63ac00a000-7f63ac00c000 r--s 00009000 08:06 2494023                    /home/deepak/.sdkman/candidates/grails/2.5.1/dist/grails-plugin-validation-2.5.1.jar
7f63ac00c000-7f63ac016000 r--s 000ae000 08:01 2504256                    /usr/lib/jvm/java-7-openjdk-amd64/jre/lib/resources.jar
7f63ac016000-7f63ac017000 r--s 00000000 08:01 2504261                    /usr/lib/jvm/java-7-openjdk-amd64/jre/lib/management-agent.jar
7f63ac017000-7f63ac04f000 rw-p 00000000 00:00 0 
7f63ac04f000-7f63ac094000 rw-p 00000000 00:00 0 
7f63ac094000-7f63ac09d000 r-xp 00000000 08:01 1839528                    /lib/x86_64-linux-gnu/libnss_compat-2.19.so
7f63ac09d000-7f63ac29c000 ---p 00009000 08:01 1839528                    /lib/x86_64-linux-gnu/libnss_compat-2.19.so
7f63ac29c000-7f63ac29d000 r--p 00008000 08:01 1839528                    /lib/x86_64-linux-gnu/libnss_compat-2.19.so
7f63ac29d000-7f63ac29e000 rw-p 00009000 08:01 1839528                    /lib/x86_64-linux-gnu/libnss_compat-2.19.so
7f63ac29e000-7f63ac2a8000 r-xp 00000000 08:01 2504279                    /usr/lib/jvm/java-7-openjdk-amd64/jre/lib/amd64/libinstrument.so
7f63ac2a8000-7f63ac4a7000 ---p 0000a000 08:01 2504279                    /usr/lib/jvm/java-7-openjdk-amd64/jre/lib/amd64/libinstrument.so
7f63ac4a7000-7f63ac4a8000 r--p 00009000 08:01 2504279                    /usr/lib/jvm/java-7-openjdk-amd64/jre/lib/amd64/libinstrument.so
7f63ac4a8000-7f63ac4a9000 rw-p 0000a000 08:01 2504279                    /usr/lib/jvm/java-7-openjdk-amd64/jre/lib/amd64/libinstrument.so
7f63ac4a9000-7f63acb8b000 r--p 00000000 08:01 2498536                    /usr/lib/locale/locale-archive
7f63acb8b000-7f63acb8d000 r-xp 00000000 08:01 2504280                    /usr/lib/jvm/java-7-openjdk-amd64/jre/lib/amd64/libnpt.so
7f63acb8d000-7f63acd8d000 ---p 00002000 08:01 2504280                    /usr/lib/jvm/java-7-openjdk-amd64/jre/lib/amd64/libnpt.so
7f63acd8d000-7f63acd8e000 r--p 00002000 08:01 2504280                    /usr/lib/jvm/java-7-openjdk-amd64/jre/lib/amd64/libnpt.so
7f63acd8e000-7f63acd8f000 rw-p 00003000 08:01 2504280                    /usr/lib/jvm/java-7-openjdk-amd64/jre/lib/amd64/libnpt.so
7f63acd8f000-7f63acdc9000 r-xp 00000000 08:01 2504289                    /usr/lib/jvm/java-7-openjdk-amd64/jre/lib/amd64/libjdwp.so
7f63acdc9000-7f63acfc8000 ---p 0003a000 08:01 2504289                    /usr/lib/jvm/java-7-openjdk-amd64/jre/lib/amd64/libjdwp.so
7f63acfc8000-7f63acfc9000 r--p 00039000 08:01 2504289                    /usr/lib/jvm/java-7-openjdk-amd64/jre/lib/amd64/libjdwp.so
7f63acfc9000-7f63acfca000 rw-p 0003a000 08:01 2504289                    /usr/lib/jvm/java-7-openjdk-amd64/jre/lib/amd64/libjdwp.so
7f63acfca000-7f63acff5000 r-xp 00000000 08:01 2504292                    /usr/lib/jvm/java-7-openjdk-amd64/jre/lib/amd64/libjava.so
7f63acff5000-7f63ad1f5000 ---p 0002b000 08:01 2504292                    /usr/lib/jvm/java-7-openjdk-amd64/jre/lib/amd64/libjava.so
7f63ad1f5000-7f63ad1f6000 r--p 0002b000 08:01 2504292                    /usr/lib/jvm/java-7-openjdk-amd64/jre/lib/amd64/libjava.so
7f63ad1f6000-7f63ad1f8000 rw-p 0002c000 08:01 2504292                    /usr/lib/jvm/java-7-openjdk-amd64/jre/lib/amd64/libjava.so
7f63ad1f8000-7f63ad208000 r-xp 00000000 08:01 2504276                    /usr/lib/jvm/java-7-openjdk-amd64/jre/lib/amd64/libverify.so
7f63ad208000-7f63ad407000 ---p 00010000 08:01 2504276                    /usr/lib/jvm/java-7-openjdk-amd64/jre/lib/amd64/libverify.so
7f63ad407000-7f63ad409000 r--p 0000f000 08:01 2504276                    /usr/lib/jvm/java-7-openjdk-amd64/jre/lib/amd64/libverify.so
7f63ad409000-7f63ad40a000 rw-p 00011000 08:01 2504276                    /usr/lib/jvm/java-7-openjdk-amd64/jre/lib/amd64/libverify.so
7f63ad40a000-7f63ad411000 r-xp 00000000 08:01 1839853                    /lib/x86_64-linux-gnu/librt-2.19.so
7f63ad411000-7f63ad610000 ---p 00007000 08:01 1839853                    /lib/x86_64-linux-gnu/librt-2.19.so
7f63ad610000-7f63ad611000 r--p 00006000 08:01 1839853                    /lib/x86_64-linux-gnu/librt-2.19.so
7f63ad611000-7f63ad612000 rw-p 00007000 08:01 1839853                    /lib/x86_64-linux-gnu/librt-2.19.so
7f63ad612000-7f63ad628000 r-xp 00000000 08:01 1835103                    /lib/x86_64-linux-gnu/libgcc_s.so.1
7f63ad628000-7f63ad827000 ---p 00016000 08:01 1835103                    /lib/x86_64-linux-gnu/libgcc_s.so.1
7f63ad827000-7f63ad828000 rw-p 00015000 08:01 1835103                    /lib/x86_64-linux-gnu/libgcc_s.so.1
7f63ad828000-7f63ad92d000 r-xp 00000000 08:01 1839443                    /lib/x86_64-linux-gnu/libm-2.19.so
7f63ad92d000-7f63adb2c000 ---p 00105000 08:01 1839443                    /lib/x86_64-linux-gnu/libm-2.19.so
7f63adb2c000-7f63adb2d000 r--p 00104000 08:01 1839443                    /lib/x86_64-linux-gnu/libm-2.19.so
7f63adb2d000-7f63adb2e000 rw-p 00105000 08:01 1839443                    /lib/x86_64-linux-gnu/libm-2.19.so
7f63adb2e000-7f63adc14000 r-xp 00000000 08:01 2490719                    /usr/lib/x86_64-linux-gnu/libstdc++.so.6.0.19
7f63adc14000-7f63ade13000 ---p 000e6000 08:01 2490719                    /usr/lib/x86_64-linux-gnu/libstdc++.so.6.0.19
7f63ade13000-7f63ade1b000 r--p 000e5000 08:01 2490719                    /usr/lib/x86_64-linux-gnu/libstdc++.so.6.0.19
7f63ade1b000-7f63ade1d000 rw-p 000ed000 08:01 2490719                    /usr/lib/x86_64-linux-gnu/libstdc++.so.6.0.19
7f63ade1d000-7f63ade32000 rw-p 00000000 00:00 0 
7f63ade32000-7f63ae957000 r-xp 00000000 08:01 2504272                    /usr/lib/jvm/java-7-openjdk-amd64/jre/lib/amd64/server/libjvm.so
7f63ae957000-7f63aeb57000 ---p 00b25000 08:01 2504272                    /usr/lib/jvm/java-7-openjdk-amd64/jre/lib/amd64/server/libjvm.so
7f63aeb57000-7f63aebf1000 r--p 00b25000 08:01 2504272                    /usr/lib/jvm/java-7-openjdk-amd64/jre/lib/amd64/server/libjvm.so
7f63aebf1000-7f63aec14000 rw-p 00bbf000 08:01 2504272                    /usr/lib/jvm/java-7-openjdk-amd64/jre/lib/amd64/server/libjvm.so
7f63aec14000-7f63aec42000 rw-p 00000000 00:00 0 
7f63aec42000-7f63aec5a000 r-xp 00000000 08:01 1839739                    /lib/x86_64-linux-gnu/libz.so.1.2.8
7f63aec5a000-7f63aee59000 ---p 00018000 08:01 1839739                    /lib/x86_64-linux-gnu/libz.so.1.2.8
7f63aee59000-7f63aee5a000 r--p 00017000 08:01 1839739                    /lib/x86_64-linux-gnu/libz.so.1.2.8
7f63aee5a000-7f63aee5b000 rw-p 00018000 08:01 1839739                    /lib/x86_64-linux-gnu/libz.so.1.2.8
7f63aee5b000-7f63aee74000 r-xp 00000000 08:01 1839710                    /lib/x86_64-linux-gnu/libpthread-2.19.so
7f63aee74000-7f63af073000 ---p 00019000 08:01 1839710                    /lib/x86_64-linux-gnu/libpthread-2.19.so
7f63af073000-7f63af074000 r--p 00018000 08:01 1839710                    /lib/x86_64-linux-gnu/libpthread-2.19.so
7f63af074000-7f63af075000 rw-p 00019000 08:01 1839710                    /lib/x86_64-linux-gnu/libpthread-2.19.so
7f63af075000-7f63af079000 rw-p 00000000 00:00 0 
7f63af079000-7f63af07c000 r-xp 00000000 08:01 1839448                    /lib/x86_64-linux-gnu/libdl-2.19.so
7f63af07c000-7f63af27b000 ---p 00003000 08:01 1839448                    /lib/x86_64-linux-gnu/libdl-2.19.so
7f63af27b000-7f63af27c000 r--p 00002000 08:01 1839448                    /lib/x86_64-linux-gnu/libdl-2.19.so
7f63af27c000-7f63af27d000 rw-p 00003000 08:01 1839448                    /lib/x86_64-linux-gnu/libdl-2.19.so
7f63af27d000-7f63af438000 r-xp 00000000 08:01 1839854                    /lib/x86_64-linux-gnu/libc-2.19.so
7f63af438000-7f63af637000 ---p 001bb000 08:01 1839854                    /lib/x86_64-linux-gnu/libc-2.19.so
7f63af637000-7f63af63b000 r--p 001ba000 08:01 1839854                    /lib/x86_64-linux-gnu/libc-2.19.so
7f63af63b000-7f63af63d000 rw-p 001be000 08:01 1839854                    /lib/x86_64-linux-gnu/libc-2.19.so
7f63af63d000-7f63af642000 rw-p 00000000 00:00 0 
7f63af642000-7f63af64f000 r-xp 00000000 08:01 2504266                    /usr/lib/jvm/java-7-openjdk-amd64/jre/lib/amd64/jli/libjli.so
7f63af64f000-7f63af84e000 ---p 0000d000 08:01 2504266                    /usr/lib/jvm/java-7-openjdk-amd64/jre/lib/amd64/jli/libjli.so
7f63af84e000-7f63af84f000 r--p 0000c000 08:01 2504266                    /usr/lib/jvm/java-7-openjdk-amd64/jre/lib/amd64/jli/libjli.so
7f63af84f000-7f63af850000 rw-p 0000d000 08:01 2504266                    /usr/lib/jvm/java-7-openjdk-amd64/jre/lib/amd64/jli/libjli.so
7f63af850000-7f63af873000 r-xp 00000000 08:01 1839711                    /lib/x86_64-linux-gnu/ld-2.19.so
7f63af873000-7f63af877000 r--s 0004f000 08:01 2504239                    /usr/lib/jvm/java-7-openjdk-amd64/jre/lib/jsse.jar
7f63af877000-7f63af879000 r--s 00018000 08:01 2504299                    /usr/lib/jvm/java-7-openjdk-amd64/jre/lib/jce.jar
7f63af879000-7f63af87a000 r--s 0000a000 08:01 2504231                    /usr/lib/jvm/java-7-openjdk-amd64/jre/lib/javazic.jar
7f63af87a000-7f63af87c000 r--s 00006000 08:01 2906475                    /usr/share/java/java-atk-wrapper.jar
7f63af87c000-7f63af887000 r--s 00203000 08:01 2504238                    /usr/lib/jvm/java-7-openjdk-amd64/jre/lib/charsets.jar
7f63af887000-7f63af889000 r--s 00023000 08:05 524815                     /opt/idea-IU-143.1821.5/plugins/junit/lib/junit-rt.jar
7f63af889000-7f63af88b000 r--s 0001e000 08:05 264673                     /opt/idea-IU-143.1821.5/lib/idea_rt.jar
7f63af88b000-7f63af88f000 r--s 00085000 08:01 2504301                    /usr/lib/jvm/java-7-openjdk-amd64/jre/lib/ext/localedata.jar
7f63af88f000-7f63af8a0000 rw-p 00000000 00:00 0 
7f63af8a0000-7f63af94f000 rw-p 00000000 00:00 0 
7f63af94f000-7f63af952000 ---p 00000000 00:00 0 
7f63af952000-7f63afa55000 rw-p 00000000 00:00 0                          [stack:29830]
7f63afa55000-7f63afa56000 r--s 00000000 08:01 2504253                    /usr/lib/jvm/java-7-openjdk-amd64/jre/lib/compilefontconfig.jar
7f63afa56000-7f63afa58000 r--s 00012000 08:01 2504303                    /usr/lib/jvm/java-7-openjdk-amd64/jre/lib/ext/zipfs.jar
7f63afa58000-7f63afa5a000 r--s 00006000 08:01 2906475                    /usr/share/java/java-atk-wrapper.jar
7f63afa5a000-7f63afa5b000 r--s 00002000 08:01 2504305                    /usr/lib/jvm/java-7-openjdk-amd64/jre/lib/ext/dnsns.jar
7f63afa5b000-7f63afa5e000 r--s 0000f000 08:01 2504306                    /usr/lib/jvm/java-7-openjdk-amd64/jre/lib/ext/icedtea-sound.jar
7f63afa5e000-7f63afa62000 r--s 0003c000 08:01 2504304                    /usr/lib/jvm/java-7-openjdk-amd64/jre/lib/ext/sunpkcs11.jar
7f63afa62000-7f63afa66000 r--s 00034000 08:01 2504302                    /usr/lib/jvm/java-7-openjdk-amd64/jre/lib/ext/sunjce_provider.jar
7f63afa66000-7f63afa6e000 rw-s 00000000 08:01 926231                     /tmp/hsperfdata_deepak/29829
7f63afa6e000-7f63afa6f000 rw-p 00000000 00:00 0 
7f63afa6f000-7f63afa70000 r--p 00000000 00:00 0 
7f63afa70000-7f63afa72000 rw-p 00000000 00:00 0 
7f63afa72000-7f63afa73000 r--p 00022000 08:01 1839711                    /lib/x86_64-linux-gnu/ld-2.19.so
7f63afa73000-7f63afa74000 rw-p 00023000 08:01 1839711                    /lib/x86_64-linux-gnu/ld-2.19.so
7f63afa74000-7f63afa75000 rw-p 00000000 00:00 0 
7ffcaf169000-7ffcaf18f000 rw-p 00000000 00:00 0                          [stack]
7ffcaf1ea000-7ffcaf1ec000 r--p 00000000 00:00 0                          [vvar]
7ffcaf1ec000-7ffcaf1ee000 r-xp 00000000 00:00 0                          [vdso]
ffffffffff600000-ffffffffff601000 r-xp 00000000 00:00 0                  [vsyscall]

VM Arguments:
jvm_args: -agentlib:jdwp=transport=dt_socket,address=127.0.0.1:52077,suspend=y,server=n -ea -javaagent:/opt/idea-IU-143.1821.5/plugins/Groovy/lib/agent/gragent.jar -Didea.junit.sm_runner -Dfile.encoding=UTF-8 
java_command: com.intellij.rt.execution.junit.JUnitStarter -ideVersion5 com.tothenew.linksharing.SubscriptionControllerSpec,delete response success when successful
Launcher Type: SUN_STANDARD

Environment Variables:
JAVA_HOME=/usr/lib/jvm/java-7-oracle
PATH=/home/deepak/.sdkman/candidates/grails/current/bin:/home/deepak/.sdkman/candidates/gradle/current/bin:/usr/local/sbin:/usr/local/bin:/usr/sbin:/usr/bin:/sbin:/bin:/usr/games:/usr/local/games:/opt/idea/bin
LD_LIBRARY_PATH=/opt/idea-IU-143.1821.5/bin:
SHELL=/bin/bash
DISPLAY=:0

Signal Handlers:
SIGSEGV: [libjvm.so+0x955bc0], sa_mask[0]=0x7ffbfeff, sa_flags=0x10000004
SIGBUS: [libjvm.so+0x955bc0], sa_mask[0]=0x7ffbfeff, sa_flags=0x10000004
SIGFPE: [libjvm.so+0x7caff0], sa_mask[0]=0x7ffbfeff, sa_flags=0x10000004
SIGPIPE: [libjvm.so+0x7caff0], sa_mask[0]=0x7ffbfeff, sa_flags=0x10000004
SIGXFSZ: [libjvm.so+0x7caff0], sa_mask[0]=0x7ffbfeff, sa_flags=0x10000004
SIGILL: [libjvm.so+0x7caff0], sa_mask[0]=0x7ffbfeff, sa_flags=0x10000004
SIGUSR1: SIG_DFL, sa_mask[0]=0x00000000, sa_flags=0x00000000
SIGUSR2: [libjvm.so+0x7cae90], sa_mask[0]=0x00000004, sa_flags=0x10000004
SIGHUP: [libjvm.so+0x7cb070], sa_mask[0]=0x7ffbfeff, sa_flags=0x10000004
SIGINT: [libjvm.so+0x7cb070], sa_mask[0]=0x7ffbfeff, sa_flags=0x10000004
SIGTERM: [libjvm.so+0x7cb070], sa_mask[0]=0x7ffbfeff, sa_flags=0x10000004
SIGQUIT: [libjvm.so+0x7cb070], sa_mask[0]=0x7ffbfeff, sa_flags=0x10000004
SIGTRAP: SIG_DFL, sa_mask[0]=0x00000000, sa_flags=0x00000000


---------------  S Y S T E M  ---------------

OS:Ubuntu 14.04 (trusty)
uname:Linux 3.19.0-49-generic #55~14.04.1-Ubuntu SMP Fri Jan 22 11:24:31 UTC 2016 x86_64
libc:glibc 2.19 NPTL 2.19 
rlimit: STACK 8192k, CORE 0k, NPROC 31535, NOFILE 4096, AS infinity
load average:1.94 1.09 0.82

/proc/meminfo:
MemTotal:        8094436 kB
MemFree:          279996 kB
MemAvailable:    2354324 kB
Buffers:          247804 kB
Cached:          2288128 kB
SwapCached:          312 kB
Active:          5799160 kB
Inactive:        1649440 kB
Active(anon):    4370128 kB
Inactive(anon):   934212 kB
Active(file):    1429032 kB
Inactive(file):   715228 kB
Unevictable:         144 kB
Mlocked:             144 kB
SwapTotal:      19529724 kB
SwapFree:       19510696 kB
Dirty:              2732 kB
Writeback:             0 kB
AnonPages:       4912172 kB
Mapped:           445876 kB
Shmem:            391348 kB
Slab:             232660 kB
SReclaimable:     183484 kB
SUnreclaim:        49176 kB
KernelStack:       13152 kB
PageTables:        49148 kB
NFS_Unstable:          0 kB
Bounce:                0 kB
WritebackTmp:          0 kB
CommitLimit:    23576940 kB
Committed_AS:   11519680 kB
VmallocTotal:   34359738367 kB
VmallocUsed:      564840 kB
VmallocChunk:   34359080316 kB
HardwareCorrupted:     0 kB
AnonHugePages:   2871296 kB
CmaTotal:              0 kB
CmaFree:               0 kB
HugePages_Total:       0
HugePages_Free:        0
HugePages_Rsvd:        0
HugePages_Surp:        0
Hugepagesize:       2048 kB
DirectMap4k:      219964 kB
DirectMap2M:     7038976 kB
DirectMap1G:     2097152 kB


CPU:total 4 (2 cores per cpu, 2 threads per core) family 6 model 61 stepping 4, cmov, cx8, fxsr, mmx, sse, sse2, sse3, ssse3, sse4.1, sse4.2, popcnt, avx, avx2, aes, erms, ht, tsc, tscinvbit

/proc/cpuinfo:
processor	: 0
vendor_id	: GenuineIntel
cpu family	: 6
model		: 61
model name	: Intel(R) Core(TM) i7-5500U CPU @ 2.40GHz
stepping	: 4
microcode	: 0x1f
cpu MHz		: 2899.968
cache size	: 4096 KB
physical id	: 0
siblings	: 4
core id		: 0
cpu cores	: 2
apicid		: 0
initial apicid	: 0
fpu		: yes
fpu_exception	: yes
cpuid level	: 20
wp		: yes
flags		: fpu vme de pse tsc msr pae mce cx8 apic sep mtrr pge mca cmov pat pse36 clflush dts acpi mmx fxsr sse sse2 ss ht tm pbe syscall nx pdpe1gb rdtscp lm constant_tsc arch_perfmon pebs bts rep_good nopl xtopology nonstop_tsc aperfmperf eagerfpu pni pclmulqdq dtes64 monitor ds_cpl vmx est tm2 ssse3 fma cx16 xtpr pdcm pcid sse4_1 sse4_2 x2apic movbe popcnt tsc_deadline_timer aes xsave avx f16c rdrand lahf_lm abm 3dnowprefetch ida arat epb pln pts dtherm tpr_shadow vnmi flexpriority ept vpid fsgsbase tsc_adjust bmi1 avx2 smep bmi2 erms invpcid rdseed adx smap xsaveopt
bugs		:
bogomips	: 4788.96
clflush size	: 64
cache_alignment	: 64
address sizes	: 39 bits physical, 48 bits virtual
power management:

processor	: 1
vendor_id	: GenuineIntel
cpu family	: 6
model		: 61
model name	: Intel(R) Core(TM) i7-5500U CPU @ 2.40GHz
stepping	: 4
microcode	: 0x1f
cpu MHz		: 2899.968
cache size	: 4096 KB
physical id	: 0
siblings	: 4
core id		: 1
cpu cores	: 2
apicid		: 2
initial apicid	: 2
fpu		: yes
fpu_exception	: yes
cpuid level	: 20
wp		: yes
flags		: fpu vme de pse tsc msr pae mce cx8 apic sep mtrr pge mca cmov pat pse36 clflush dts acpi mmx fxsr sse sse2 ss ht tm pbe syscall nx pdpe1gb rdtscp lm constant_tsc arch_perfmon pebs bts rep_good nopl xtopology nonstop_tsc aperfmperf eagerfpu pni pclmulqdq dtes64 monitor ds_cpl vmx est tm2 ssse3 fma cx16 xtpr pdcm pcid sse4_1 sse4_2 x2apic movbe popcnt tsc_deadline_timer aes xsave avx f16c rdrand lahf_lm abm 3dnowprefetch ida arat epb pln pts dtherm tpr_shadow vnmi flexpriority ept vpid fsgsbase tsc_adjust bmi1 avx2 smep bmi2 erms invpcid rdseed adx smap xsaveopt
bugs		:
bogomips	: 4788.96
clflush size	: 64
cache_alignment	: 64
address sizes	: 39 bits physical, 48 bits virtual
power management:

processor	: 2
vendor_id	: GenuineIntel
cpu family	: 6
model		: 61
model name	: Intel(R) Core(TM) i7-5500U CPU @ 2.40GHz
stepping	: 4
microcode	: 0x1f
cpu MHz		: 2899.968
cache size	: 4096 KB
physical id	: 0
siblings	: 4
core id		: 0
cpu cores	: 2
apicid		: 1
initial apicid	: 1
fpu		: yes
fpu_exception	: yes
cpuid level	: 20
wp		: yes
flags		: fpu vme de pse tsc msr pae mce cx8 apic sep mtrr pge mca cmov pat pse36 clflush dts acpi mmx fxsr sse sse2 ss ht tm pbe syscall nx pdpe1gb rdtscp lm constant_tsc arch_perfmon pebs bts rep_good nopl xtopology nonstop_tsc aperfmperf eagerfpu pni pclmulqdq dtes64 monitor ds_cpl vmx est tm2 ssse3 fma cx16 xtpr pdcm pcid sse4_1 sse4_2 x2apic movbe popcnt tsc_deadline_timer aes xsave avx f16c rdrand lahf_lm abm 3dnowprefetch ida arat epb pln pts dtherm tpr_shadow vnmi flexpriority ept vpid fsgsbase tsc_adjust bmi1 avx2 smep bmi2 erms invpcid rdseed adx smap xsaveopt
bugs		:
bogomips	: 4788.96
clflush size	: 64
cache_alignment	: 64
address sizes	: 39 bits physical, 48 bits virtual
power management:

processor	: 3
vendor_id	: GenuineIntel
cpu family	: 6
model		: 61
model name	: Intel(R) Core(TM) i7-5500U CPU @ 2.40GHz
stepping	: 4
microcode	: 0x1f
cpu MHz		: 2899.968
cache size	: 4096 KB
physical id	: 0
siblings	: 4
core id		: 1
cpu cores	: 2
apicid		: 3
initial apicid	: 3
fpu		: yes
fpu_exception	: yes
cpuid level	: 20
wp		: yes
flags		: fpu vme de pse tsc msr pae mce cx8 apic sep mtrr pge mca cmov pat pse36 clflush dts acpi mmx fxsr sse sse2 ss ht tm pbe syscall nx pdpe1gb rdtscp lm constant_tsc arch_perfmon pebs bts rep_good nopl xtopology nonstop_tsc aperfmperf eagerfpu pni pclmulqdq dtes64 monitor ds_cpl vmx est tm2 ssse3 fma cx16 xtpr pdcm pcid sse4_1 sse4_2 x2apic movbe popcnt tsc_deadline_timer aes xsave avx f16c rdrand lahf_lm abm 3dnowprefetch ida arat epb pln pts dtherm tpr_shadow vnmi flexpriority ept vpid fsgsbase tsc_adjust bmi1 avx2 smep bmi2 erms invpcid rdseed adx smap xsaveopt
bugs		:
bogomips	: 4788.96
clflush size	: 64
cache_alignment	: 64
address sizes	: 39 bits physical, 48 bits virtual
power management:



Memory: 4k page, physical 8094436k(279996k free), swap 19529724k(19510696k free)

vm_info: OpenJDK 64-Bit Server VM (24.95-b01) for linux-amd64 JRE (1.7.0_95-b00), built on Jan 21 2016 03:31:40 by "buildd" with gcc 4.8.4

time: Mon Feb 29 15:50:43 2016
elapsed time: 35 seconds

